TN:
SF:/home/runner/work/dlt-daemon/dlt-daemon/src/console/dlt-control-common.c
FN:102,105,get_verbosity
FN:107,110,set_verbosity
FN:112,115,get_ecuid
FN:117,142,set_ecuid
FN:144,154,set_conf
FN:156,159,get_timeout
FN:161,170,set_timeout
FN:172,175,set_send_serial_header
FN:177,180,set_resync_serial_header
FN:182,252,dlt_parse_config_param
FN:263,299,prepare_extra_headers
FN:310,355,prepare_headers
FN:366,420,dlt_control_prepare_message
FN:433,471,dlt_control_init_connection
FN:482,487,dlt_control_listen_to_daemon
FN:506,541,dlt_control_callback
FN:556,612,dlt_control_send_message
FN:625,661,dlt_control_init
FN:669,687,dlt_control_deinit
FNDA:9,get_verbosity
FNDA:0,set_verbosity
FNDA:2,get_ecuid
FNDA:1,set_ecuid
FNDA:1,set_conf
FNDA:1,get_timeout
FNDA:1,set_timeout
FNDA:1,set_send_serial_header
FNDA:1,set_resync_serial_header
FNDA:1,dlt_parse_config_param
FNDA:1,prepare_extra_headers
FNDA:1,prepare_headers
FNDA:1,dlt_control_prepare_message
FNDA:1,dlt_control_init_connection
FNDA:1,dlt_control_listen_to_daemon
FNDA:1,dlt_control_callback
FNDA:1,dlt_control_send_message
FNDA:1,dlt_control_init
FNDA:1,dlt_control_deinit
FNF:19
FNH:18
DA:102,9
DA:104,23
DA:107,0
DA:109,1
DA:110,0
DA:112,2
DA:114,2
DA:117,1
DA:119,1
DA:121,1
DA:123,0
DA:124,0
DA:126,0
DA:127,0
DA:129,0
DA:132,0
DA:139,0
DA:142,1
DA:144,1
DA:146,1
DA:149,1
DA:152,0
DA:154,1
DA:156,1
DA:158,1
DA:161,1
DA:163,1
DA:165,1
DA:166,1
DA:168,0
DA:170,1
DA:172,1
DA:174,1
DA:175,1
DA:177,1
DA:179,1
DA:180,1
DA:182,1
DA:186,1
DA:187,1
DA:188,1
DA:192,1
DA:193,0
DA:196,1
DA:201,1
DA:203,1
DA:206,7
DA:207,6
DA:208,1
DA:209,1
DA:210,1
DA:212,2
DA:213,2
DA:220,1
DA:223,1
DA:226,1
DA:227,1
DA:228,1
DA:229,1
DA:242,1
DA:245,0
DA:248,1
DA:249,0
DA:263,1
DA:267,1
DA:269,1
DA:272,1
DA:274,1
DA:277,1
DA:279,1
DA:282,1
DA:283,0
DA:284,0
DA:288,1
DA:290,1
DA:292,1
DA:295,1
DA:296,1
DA:298,1
DA:310,1
DA:314,1
DA:316,1
DA:319,1
DA:321,1
DA:322,0
DA:323,0
DA:327,1
DA:328,1
DA:330,1
DA:337,1
DA:340,1
DA:345,1
DA:347,1
DA:348,0
DA:349,0
DA:352,1
DA:354,1
DA:366,1
DA:370,1
DA:372,1
DA:373,0
DA:374,0
DA:377,1
DA:379,1
DA:380,0
DA:381,0
DA:384,1
DA:385,0
DA:386,0
DA:387,0
DA:391,1
DA:394,1
DA:396,1
DA:397,0
DA:398,0
DA:399,0
DA:403,1
DA:406,1
DA:407,0
DA:408,0
DA:409,0
DA:413,1
DA:414,0
DA:415,0
DA:416,0
DA:433,1
DA:442,1
DA:444,1
DA:445,0
DA:446,0
DA:449,1
DA:451,1
DA:452,0
DA:453,0
DA:456,1
DA:458,1
DA:460,1
DA:462,0
DA:463,0
DA:464,0
DA:468,1
DA:470,1
DA:482,1
DA:484,1
DA:485,1
DA:486,1
DA:506,1
DA:508,1
DA:511,1
DA:512,0
DA:513,0
DA:517,1
DA:518,1
DA:520,0
DA:522,1
DA:525,1
DA:533,1
DA:534,2
DA:535,1
DA:536,1
DA:537,1
DA:538,1
DA:540,1
DA:556,1
DA:561,1
DA:562,0
DA:563,0
DA:566,1
DA:567,0
DA:568,0
DA:571,1
DA:574,1
DA:576,1
DA:577,0
DA:578,0
DA:581,1
DA:584,1
DA:586,1
DA:588,0
DA:589,0
DA:590,0
DA:593,0
DA:594,0
DA:601,1
DA:602,1
DA:605,1
DA:606,1
DA:611,1
DA:625,1
DA:629,1
DA:630,0
DA:631,0
DA:639,1
DA:640,1
DA:645,1
DA:646,0
DA:647,0
DA:648,0
DA:652,1
DA:656,0
DA:657,0
DA:669,1
DA:675,1
DA:676,1
DA:677,1
DA:678,1
DA:681,1
DA:682,0
DA:686,1
LF:209
LH:144
end_of_record
TN:
SF:/home/runner/work/dlt-daemon/dlt-daemon/src/console/dlt-convert.c
FN:101,128,usage
FN:130,194,empty_dir
FN:199,567,main
FNDA:0,usage
FNDA:0,empty_dir
FNDA:6,main
FNF:3
FNH:1
DA:101,0
DA:105,0
DA:128,0
DA:130,0
DA:132,0
DA:134,0
DA:136,0
DA:137,0
DA:138,0
DA:141,0
DA:142,0
DA:143,0
DA:144,0
DA:145,0
DA:146,0
DA:147,0
DA:149,0
DA:152,0
DA:153,0
DA:154,0
DA:155,0
DA:156,0
DA:157,0
DA:158,0
DA:159,0
DA:161,0
DA:163,0
DA:166,0
DA:169,0
DA:171,0
DA:172,0
DA:173,0
DA:175,0
DA:179,0
DA:180,0
DA:181,0
DA:182,0
DA:183,0
DA:185,0
DA:190,0
DA:193,0
DA:199,6
DA:224,6
DA:227,6
DA:230,6
DA:237,6
DA:239,12
DA:240,6
DA:247,0
DA:250,0
DA:252,6
DA:255,6
DA:257,0
DA:260,0
DA:262,0
DA:265,0
DA:267,0
DA:270,0
DA:272,0
DA:275,0
DA:277,0
DA:280,0
DA:282,0
DA:284,0
DA:285,0
DA:287,0
DA:289,0
DA:290,0
DA:292,0
DA:294,0
DA:295,0
DA:297,0
DA:299,0
DA:300,0
DA:302,0
DA:304,0
DA:305,0
DA:307,0
DA:309,0
DA:310,0
DA:311,0
DA:312,0
DA:314,0
DA:317,0
DA:318,0
DA:328,6
DA:331,6
DA:332,0
DA:333,0
DA:334,0
DA:337,0
DA:340,6
DA:343,0
DA:344,0
DA:345,0
DA:346,0
DA:350,6
DA:352,0
DA:353,0
DA:354,0
DA:355,0
DA:356,0
DA:359,0
DA:366,0
DA:369,0
DA:373,0
DA:374,0
DA:375,0
DA:376,0
DA:377,0
DA:378,0
DA:381,0
DA:382,0
DA:383,0
DA:384,0
DA:389,0
DA:390,0
DA:391,0
DA:392,0
DA:393,0
DA:396,0
DA:400,0
DA:403,38
DA:404,32
DA:411,0
DA:416,0
DA:420,32
DA:421,596
DA:425,32
DA:426,32
DA:431,32
DA:434,32
DA:436,32
DA:437,0
DA:438,0
DA:439,0
DA:442,0
DA:443,0
DA:446,32
DA:447,0
DA:448,0
DA:449,0
DA:452,0
DA:453,0
DA:456,596
DA:457,564
DA:458,0
DA:460,564
DA:462,0
DA:463,0
DA:465,564
DA:468,564
DA:469,0
DA:473,564
DA:474,0
DA:478,0
DA:480,0
DA:481,0
DA:483,0
DA:486,0
DA:487,0
DA:493,564
DA:494,0
DA:495,0
DA:496,0
DA:497,0
DA:499,0
DA:501,0
DA:503,0
DA:505,0
DA:506,0
DA:511,564
DA:513,0
DA:516,0
DA:519,0
DA:520,0
DA:521,0
DA:533,32
DA:534,0
DA:536,0
DA:537,0
DA:541,6
DA:542,0
DA:546,6
DA:547,0
DA:548,0
DA:549,0
DA:550,0
DA:551,0
DA:553,0
DA:555,0
DA:557,6
DA:559,0
DA:560,0
DA:561,0
DA:564,6
DA:566,6
LF:197
LH:37
end_of_record
TN:
SF:/home/runner/work/dlt-daemon/dlt-daemon/src/console/dlt-receive.c
FN:148,181,usage
FN:184,232,convert_arg_to_byte_size
FN:238,309,dlt_receive_open_output_file
FN:312,318,dlt_receive_close_output_file
FN:324,658,main
FN:660,743,dlt_receive_message_callback
FN:95,111,signal_handler
FNDA:0,usage
FNDA:0,convert_arg_to_byte_size
FNDA:0,dlt_receive_open_output_file
FNDA:0,dlt_receive_close_output_file
FNDA:1,main
FNDA:154,dlt_receive_message_callback
FNDA:0,signal_handler
FNF:7
FNH:2
DA:95,0
DA:97,0
DA:98,0
DA:103,0
DA:104,0
DA:105,0
DA:111,0
DA:148,0
DA:152,0
DA:181,0
DA:184,0
DA:191,0
DA:192,0
DA:198,0
DA:204,0
DA:210,0
DA:214,0
DA:223,0
DA:224,0
DA:238,0
DA:243,0
DA:248,0
DA:249,0
DA:251,0
DA:253,0
DA:254,0
DA:264,0
DA:272,0
DA:276,0
DA:278,0
DA:279,0
DA:283,0
DA:285,0
DA:290,0
DA:292,0
DA:295,0
DA:296,0
DA:297,0
DA:298,0
DA:299,0
DA:301,0
DA:305,0
DA:307,0
DA:308,0
DA:312,0
DA:314,0
DA:315,0
DA:316,0
DA:318,0
DA:324,1
DA:332,1
DA:333,1
DA:334,1
DA:335,1
DA:342,1
DA:343,1
DA:344,1
DA:345,1
DA:346,1
DA:347,1
DA:350,1
DA:352,2
DA:353,1
DA:354,0
DA:356,0
DA:357,0
DA:359,0
DA:361,0
DA:362,0
DA:364,0
DA:366,0
DA:367,0
DA:369,0
DA:371,0
DA:372,0
DA:374,0
DA:376,0
DA:377,0
DA:379,0
DA:381,0
DA:382,0
DA:384,0
DA:386,0
DA:387,0
DA:389,0
DA:391,0
DA:392,0
DA:394,0
DA:396,0
DA:397,0
DA:399,0
DA:401,0
DA:402,0
DA:404,0
DA:406,0
DA:407,0
DA:409,0
DA:411,0
DA:412,0
DA:414,0
DA:420,0
DA:422,0
DA:425,0
DA:426,0
DA:427,0
DA:428,0
DA:430,1
DA:432,1
DA:433,1
DA:435,1
DA:438,1
DA:440,1
DA:441,0
DA:442,0
DA:445,1
DA:446,1
DA:449,0
DA:451,0
DA:452,0
DA:454,0
DA:456,0
DA:457,0
DA:459,0
DA:461,0
DA:462,0
DA:465,0
DA:467,0
DA:469,0
DA:470,0
DA:472,0
DA:473,0
DA:478,0
DA:480,0
DA:481,0
DA:482,0
DA:483,0
DA:485,0
DA:488,0
DA:489,0
DA:491,0
DA:493,0
DA:499,1
DA:502,1
DA:505,1
DA:506,0
DA:509,1
DA:512,1
DA:513,1
DA:516,2
DA:517,1
DA:518,1
DA:519,0
DA:522,1
DA:523,1
DA:524,1
DA:526,1
DA:528,0
DA:531,1
DA:532,1
DA:534,1
DA:535,0
DA:536,0
DA:540,1
DA:542,0
DA:543,0
DA:544,0
DA:545,0
DA:548,1
DA:549,0
DA:550,0
DA:551,0
DA:556,0
DA:557,0
DA:558,0
DA:559,0
DA:562,0
DA:564,0
DA:565,0
DA:566,0
DA:569,0
DA:573,1
DA:574,1
DA:577,1
DA:580,1
DA:582,1
DA:583,0
DA:584,0
DA:585,0
DA:588,0
DA:605,1
DA:606,1
DA:607,0
DA:609,0
DA:612,1
DA:615,1
DA:616,0
DA:617,0
DA:618,0
DA:622,1
DA:623,0
DA:625,1
DA:629,1
DA:632,1
DA:634,1
DA:635,0
DA:636,0
DA:639,1
DA:640,1
DA:648,1
DA:649,1
DA:651,1
DA:653,1
DA:655,1
DA:657,1
DA:660,154
DA:668,154
DA:674,154
DA:675,154
DA:677,0
DA:679,154
DA:680,0
DA:682,154
DA:683,0
DA:685,154
DA:688,0
DA:692,0
DA:696,154
DA:698,0
DA:700,154
DA:703,0
DA:709,154
DA:710,154
DA:711,154
DA:712,154
DA:713,154
DA:715,154
DA:716,0
DA:718,0
DA:721,0
DA:724,0
DA:727,0
DA:731,154
DA:733,154
DA:735,154
DA:737,0
LF:245
LH:80
end_of_record
TN:
SF:/home/runner/work/dlt-daemon/dlt-daemon/src/console/logstorage/dlt-logstorage-common.c
FN:100,103,get_default_event_type
FN:105,108,set_default_event_type
FN:110,113,get_default_path
FN:115,121,set_default_path
FN:126,129,get_logstorage_control
FN:131,140,dlt_logstorage_get_handler_cb
FN:142,145,dlt_logstorage_get_handler_fd
FN:151,164,dlt_logstorage_init_handler
FN:170,183,dlt_logstorage_deinit_handler
FN:194,232,dlt_logstorage_check_config_file
FN:240,251,dlt_logstorage_check_directory_permission
FN:261,304,prepare_message_body
FN:313,330,dlt_logstorage_send_event
FN:87,90,get_handler_type
FN:92,98,set_handler_type
FNDA:3,get_default_event_type
FNDA:1,set_default_event_type
FNDA:1,get_default_path
FNDA:1,set_default_path
FNDA:0,get_logstorage_control
FNDA:0,dlt_logstorage_get_handler_cb
FNDA:0,dlt_logstorage_get_handler_fd
FNDA:0,dlt_logstorage_init_handler
FNDA:0,dlt_logstorage_deinit_handler
FNDA:0,dlt_logstorage_check_config_file
FNDA:0,dlt_logstorage_check_directory_permission
FNDA:1,prepare_message_body
FNDA:1,dlt_logstorage_send_event
FNDA:2,get_handler_type
FNDA:0,set_handler_type
FNF:15
FNH:7
DA:87,2
DA:89,2
DA:92,0
DA:94,0
DA:98,0
DA:100,3
DA:102,3
DA:105,1
DA:107,1
DA:108,1
DA:110,1
DA:112,1
DA:115,1
DA:119,1
DA:121,1
DA:126,0
DA:128,0
DA:131,0
DA:138,0
DA:139,0
DA:142,0
DA:144,0
DA:151,0
DA:153,0
DA:156,0
DA:161,0
DA:170,0
DA:172,0
DA:175,0
DA:180,0
DA:194,0
DA:196,0
DA:201,0
DA:202,0
DA:203,0
DA:206,0
DA:208,0
DA:210,0
DA:211,0
DA:212,0
DA:216,0
DA:218,0
DA:220,0
DA:224,0
DA:226,0
DA:227,0
DA:228,0
DA:229,0
DA:240,0
DA:242,0
DA:243,0
DA:244,0
DA:247,0
DA:261,1
DA:267,1
DA:268,0
DA:269,0
DA:272,1
DA:274,1
DA:276,1
DA:277,0
DA:278,0
DA:281,1
DA:283,1
DA:284,0
DA:285,0
DA:286,0
DA:287,0
DA:290,1
DA:294,1
DA:295,1
DA:299,1
DA:301,1
DA:303,1
DA:313,1
DA:316,1
DA:319,1
DA:320,0
DA:321,0
DA:324,1
DA:326,1
DA:327,1
DA:329,1
LF:83
LH:32
end_of_record
TN:
SF:/home/runner/work/dlt-daemon/dlt-daemon/src/console/logstorage/dlt-logstorage-ctrl.c
FN:110,116,catch_signal
FN:123,140,install_signal_handler
FN:153,199,analyze_response
FN:212,227,dlt_logstorage_ctrl_add_event
FN:236,291,dlt_logstorage_ctrl_execute_event_loop
FN:301,351,dlt_logstorage_ctrl_setup_event_loop
FN:357,395,dlt_logstorage_ctrl_single_request
FN:399,422,usage
FN:447,545,parse_args
FN:548,554,sd_notify
FN:566,622,main
FN:90,93,dlt_logstorage_exit
FN:99,102,dlt_logstorage_must_exit
FNDA:0,catch_signal
FNDA:0,install_signal_handler
FNDA:1,analyze_response
FNDA:0,dlt_logstorage_ctrl_add_event
FNDA:0,dlt_logstorage_ctrl_execute_event_loop
FNDA:0,dlt_logstorage_ctrl_setup_event_loop
FNDA:1,dlt_logstorage_ctrl_single_request
FNDA:0,usage
FNDA:1,parse_args
FNDA:0,sd_notify
FNDA:1,main
FNDA:0,dlt_logstorage_exit
FNDA:0,dlt_logstorage_must_exit
FNF:13
FNH:4
DA:90,0
DA:92,0
DA:93,0
DA:99,0
DA:101,0
DA:110,0
DA:112,0
DA:113,0
DA:116,0
DA:123,0
DA:125,0
DA:129,0
DA:132,0
DA:134,0
DA:136,0
DA:137,0
DA:140,0
DA:153,1
DA:156,1
DA:157,1
DA:158,1
DA:160,1
DA:182,1
DA:185,1
DA:186,0
DA:190,1
DA:191,0
DA:195,1
DA:196,1
DA:212,0
DA:216,0
DA:217,0
DA:218,0
DA:221,0
DA:223,0
DA:224,0
DA:226,0
DA:236,0
DA:245,0
DA:246,0
DA:248,0
DA:250,0
DA:251,0
DA:254,0
DA:255,0
DA:257,0
DA:260,0
DA:263,0
DA:264,0
DA:268,0
DA:269,0
DA:270,0
DA:272,0
DA:275,0
DA:276,0
DA:278,0
DA:282,0
DA:284,0
DA:285,0
DA:287,0
DA:301,0
DA:304,0
DA:311,0
DA:313,0
DA:316,0
DA:318,0
DA:319,0
DA:320,0
DA:323,0
DA:324,0
DA:325,0
DA:328,0
DA:330,0
DA:331,0
DA:332,0
DA:333,0
DA:336,0
DA:339,0
DA:343,0
DA:344,0
DA:347,0
DA:348,0
DA:350,0
DA:357,1
DA:362,1
DA:364,0
DA:365,0
DA:368,0
DA:371,0
DA:372,0
DA:373,0
DA:378,1
DA:380,0
DA:381,0
DA:382,0
DA:385,1
DA:389,1
DA:392,1
DA:394,1
DA:399,0
DA:419,0
DA:422,0
DA:447,1
DA:450,1
DA:452,3
DA:456,3
DA:457,2
DA:458,1
DA:459,1
DA:461,1
DA:462,0
DA:463,0
DA:466,1
DA:467,1
DA:468,0
DA:469,0
DA:470,0
DA:472,0
DA:474,0
DA:475,0
DA:477,0
DA:479,0
DA:480,0
DA:482,0
DA:483,0
DA:484,0
DA:485,0
DA:486,0
DA:487,0
DA:488,0
DA:489,0
DA:490,0
DA:491,0
DA:493,0
DA:495,0
DA:496,0
DA:497,0
DA:500,0
DA:501,0
DA:502,0
DA:503,0
DA:504,0
DA:506,0
DA:507,0
DA:508,0
DA:510,1
DA:511,1
DA:512,1
DA:514,0
DA:515,0
DA:516,0
DA:517,0
DA:518,0
DA:520,0
DA:521,0
DA:523,0
DA:525,0
DA:526,0
DA:527,0
DA:528,0
DA:529,0
DA:534,2
DA:535,1
DA:536,0
DA:537,0
DA:541,1
DA:542,0
DA:548,0
DA:553,0
DA:566,1
DA:570,1
DA:571,1
DA:572,1
DA:575,1
DA:580,1
DA:581,1
DA:583,1
DA:585,1
DA:586,0
DA:589,0
DA:593,0
DA:600,0
DA:601,0
DA:602,0
DA:603,0
DA:605,0
DA:607,0
DA:610,0
DA:611,0
DA:612,0
DA:616,0
DA:617,0
DA:620,1
LF:193
LH:43
end_of_record
TN:
SF:/home/runner/work/dlt-daemon/dlt-daemon/src/console/logstorage/dlt-logstorage-list.c
FN:103,123,logstorage_find_dev_info
FN:135,189,logstorage_store_dev_info
FN:201,233,logstorage_delete_dev_info
FN:79,92,print_list
FNDA:0,logstorage_find_dev_info
FNDA:0,logstorage_store_dev_info
FNDA:0,logstorage_delete_dev_info
FNDA:0,print_list
FNF:4
FNH:0
DA:79,0
DA:81,0
DA:82,0
DA:84,0
DA:85,0
DA:86,0
DA:89,0
DA:91,0
DA:103,0
DA:105,0
DA:107,0
DA:110,0
DA:112,0
DA:113,0
DA:114,0
DA:118,0
DA:135,0
DA:140,0
DA:141,0
DA:142,0
DA:145,0
DA:146,0
DA:147,0
DA:148,0
DA:151,0
DA:153,0
DA:154,0
DA:155,0
DA:158,0
DA:159,0
DA:161,0
DA:164,0
DA:166,0
DA:167,0
DA:168,0
DA:169,0
DA:171,0
DA:174,0
DA:175,0
DA:178,0
DA:180,0
DA:181,0
DA:183,0
DA:185,0
DA:186,0
DA:188,0
DA:201,0
DA:206,0
DA:208,0
DA:209,0
DA:210,0
DA:211,0
DA:215,0
DA:217,0
DA:218,0
DA:220,0
DA:221,0
DA:223,0
DA:224,0
DA:226,0
DA:227,0
DA:229,0
DA:230,0
DA:232,0
LF:64
LH:0
end_of_record
TN:
SF:/home/runner/work/dlt-daemon/dlt-daemon/src/daemon/dlt-daemon.c
FN:1357,1403,dlt_mkdir_recursive
FN:1406,1443,dlt_daemon_create_pipes_dir
FN:1451,1714,main
FN:1729,1788,dlt_daemon_local_init_p1
FN:1790,1897,dlt_daemon_local_init_p2
FN:1899,1954,dlt_daemon_init_serial
FN:1957,2040,dlt_daemon_init_fifo
FN:210,251,usage
FN:2133,2178,dlt_daemon_initialize_control_socket
FN:2180,2294,dlt_daemon_local_connection_init
FN:2296,2348,file_read_everything
FN:2350,2403,file_read_field
FN:2405,2432,dlt_daemon_local_ecu_version_init
FN:2434,2493,dlt_daemon_local_cleanup
FN:2495,2517,dlt_daemon_exit_trigger
FN:2519,2542,dlt_daemon_signal_handler
FN:256,423,option_handling
FN:2568,2630,dlt_daemon_daemonize
FN:2639,2893,dlt_daemon_log_internal
FN:2895,2909,dlt_daemon_check_numeric_setting
FN:2911,3110,dlt_daemon_process_client_connect
FN:3120,3235,dlt_daemon_create_secure_message
FN:3237,3349,dlt_daemon_process_client_messages
FN:3351,3424,dlt_daemon_process_client_messages_serial
FN:3426,3482,dlt_daemon_process_control_connect
FN:3531,3644,dlt_daemon_process_control_messages
FN:3646,3666,dlt_daemon_process_user_message_not_sup
FN:3687,3858,dlt_daemon_process_user_messages
FN:3860,3896,dlt_daemon_process_user_message_overflow
FN:3898,3916,dlt_daemon_send_message_overflow
FN:3918,3936,dlt_daemon_send_message_overflow_v2
FN:3938,4198,dlt_daemon_process_user_message_register_application
FN:4200,4710,dlt_daemon_process_user_message_register_context
FN:428,956,option_file_parser
FN:4712,4903,dlt_daemon_process_user_message_unregister_application
FN:4905,5074,dlt_daemon_process_user_message_unregister_context
FN:5076,5273,dlt_daemon_process_user_message_log
FN:5275,5304,enforce_context_ll_and_ts_keep_message
FN:5306,5335,enforce_context_ll_and_ts_keep_message_v2
FN:5397,5471,dlt_daemon_process_user_message_set_app_ll_ts
FN:5473,5504,dlt_daemon_process_user_message_log_mode
FN:5506,5534,dlt_daemon_process_user_message_marker
FN:5536,5576,dlt_daemon_send_ringbuffer_to_client
FN:5578,5618,dlt_daemon_send_ringbuffer_to_client_v2
FN:5664,5753,create_timer_fd
FN:5756,5821,dlt_daemon_close_socket
FNDA:1,dlt_mkdir_recursive
FNDA:1,dlt_daemon_create_pipes_dir
FNDA:1,main
FNDA:1,dlt_daemon_local_init_p1
FNDA:1,dlt_daemon_local_init_p2
FNDA:1,dlt_daemon_init_serial
FNDA:1,dlt_daemon_init_fifo
FNDA:0,usage
FNDA:1,dlt_daemon_initialize_control_socket
FNDA:1,dlt_daemon_local_connection_init
FNDA:0,file_read_everything
FNDA:0,file_read_field
FNDA:1,dlt_daemon_local_ecu_version_init
FNDA:1,dlt_daemon_local_cleanup
FNDA:0,dlt_daemon_exit_trigger
FNDA:0,dlt_daemon_signal_handler
FNDA:1,option_handling
FNDA:0,dlt_daemon_daemonize
FNDA:4,dlt_daemon_log_internal
FNDA:0,dlt_daemon_check_numeric_setting
FNDA:0,dlt_daemon_process_client_connect
FNDA:1,dlt_daemon_create_secure_message
FNDA:0,dlt_daemon_process_client_messages
FNDA:0,dlt_daemon_process_client_messages_serial
FNDA:1,dlt_daemon_process_control_connect
FNDA:2,dlt_daemon_process_control_messages
FNDA:0,dlt_daemon_process_user_message_not_sup
FNDA:152,dlt_daemon_process_user_messages
FNDA:0,dlt_daemon_process_user_message_overflow
FNDA:0,dlt_daemon_send_message_overflow
FNDA:0,dlt_daemon_send_message_overflow_v2
FNDA:1,dlt_daemon_process_user_message_register_application
FNDA:12,dlt_daemon_process_user_message_register_context
FNDA:1,option_file_parser
FNDA:0,dlt_daemon_process_user_message_unregister_application
FNDA:0,dlt_daemon_process_user_message_unregister_context
FNDA:1140,dlt_daemon_process_user_message_log
FNDA:0,enforce_context_ll_and_ts_keep_message
FNDA:0,enforce_context_ll_and_ts_keep_message_v2
FNDA:0,dlt_daemon_process_user_message_set_app_ll_ts
FNDA:0,dlt_daemon_process_user_message_log_mode
FNDA:0,dlt_daemon_process_user_message_marker
FNDA:0,dlt_daemon_send_ringbuffer_to_client
FNDA:0,dlt_daemon_send_ringbuffer_to_client_v2
FNDA:1,create_timer_fd
FNDA:1,dlt_daemon_close_socket
FNF:46
FNH:23
DA:210,0
DA:213,0
DA:251,0
DA:256,1
DA:264,1
DA:265,0
DA:266,0
DA:273,1
DA:276,1
DA:283,1
DA:294,2
DA:295,1
DA:296,0
DA:298,0
DA:299,0
DA:300,0
DA:302,0
DA:303,0
DA:305,0
DA:307,0
DA:309,0
DA:310,0
DA:312,1
DA:314,1
DA:332,0
DA:334,0
DA:335,0
DA:346,0
DA:348,0
DA:350,0
DA:351,0
DA:352,0
DA:357,0
DA:359,0
DA:360,0
DA:363,0
DA:365,0
DA:373,0
DA:374,0
DA:375,0
DA:377,0
DA:380,0
DA:381,0
DA:383,0
DA:385,0
DA:386,0
DA:394,1
DA:397,1
DA:398,0
DA:399,0
DA:402,1
DA:404,1
DA:405,0
DA:406,0
DA:409,1
DA:411,1
DA:412,0
DA:413,0
DA:428,1
DA:429,1
DA:431,1
DA:432,1
DA:433,1
DA:439,1
DA:440,1
DA:441,1
DA:442,1
DA:443,1
DA:444,1
DA:445,1
DA:446,1
DA:453,1
DA:458,1
DA:459,0
DA:462,1
DA:463,1
DA:464,1
DA:466,1
DA:467,1
DA:468,1
DA:469,1
DA:470,1
DA:471,1
DA:472,1
DA:473,1
DA:474,1
DA:475,1
DA:476,1
DA:477,1
DA:478,1
DA:479,1
DA:480,1
DA:481,1
DA:482,1
DA:483,1
DA:485,1
DA:496,1
DA:498,1
DA:499,1
DA:502,1
DA:503,1
DA:504,1
DA:505,1
DA:511,1
DA:512,1
DA:515,1
DA:516,1
DA:521,1
DA:523,1
DA:526,14
DA:527,6
DA:528,6
DA:529,6
DA:531,11
DA:532,10
DA:535,10
DA:536,5
DA:537,5
DA:540,5
DA:541,5
DA:542,5
DA:545,5
DA:548,6
DA:550,5
DA:551,0
DA:554,5
DA:556,0
DA:559,5
DA:561,0
DA:564,5
DA:566,0
DA:569,5
DA:571,0
DA:574,5
DA:576,0
DA:579,5
DA:581,0
DA:584,5
DA:586,0
DA:589,5
DA:591,0
DA:594,5
DA:596,0
DA:599,5
DA:601,0
DA:602,0
DA:605,5
DA:607,0
DA:608,0
DA:611,5
DA:613,0
DA:614,0
DA:617,5
DA:619,0
DA:620,0
DA:623,5
DA:625,0
DA:628,5
DA:630,0
DA:633,5
DA:638,0
DA:641,5
DA:643,0
DA:645,5
DA:647,0
DA:649,5
DA:651,0
DA:653,5
DA:655,0
DA:658,5
DA:660,0
DA:662,0
DA:663,0
DA:666,5
DA:668,0
DA:670,0
DA:671,0
DA:674,5
DA:676,0
DA:678,0
DA:679,0
DA:682,5
DA:684,0
DA:687,5
DA:689,0
DA:692,0
DA:695,5
DA:697,0
DA:700,5
DA:702,0
DA:705,5
DA:707,0
DA:710,5
DA:712,0
DA:715,5
DA:720,0
DA:723,5
DA:727,0
DA:730,5
DA:732,0
DA:735,5
DA:737,1
DA:739,4
DA:741,1
DA:745,3
DA:748,1
DA:749,1
DA:751,2
DA:754,0
DA:755,0
DA:757,2
DA:759,0
DA:760,0
DA:761,2
DA:762,1
DA:764,1
DA:766,0
DA:767,0
DA:768,0
DA:771,1
DA:782,0
DA:784,0
DA:787,0
DA:798,0
DA:802,0
DA:803,0
DA:807,0
DA:814,0
DA:818,0
DA:819,0
DA:823,0
DA:830,0
DA:834,0
DA:835,0
DA:839,0
DA:846,0
DA:848,0
DA:850,0
DA:851,0
DA:857,0
DA:860,0
DA:890,0
DA:895,0
DA:897,0
DA:898,0
DA:900,0
DA:901,0
DA:902,0
DA:903,0
DA:906,0
DA:909,0
DA:912,0
DA:914,0
DA:915,0
DA:917,0
DA:918,0
DA:919,0
DA:920,0
DA:923,0
DA:926,0
DA:928,0
DA:933,0
DA:936,0
DA:937,0
DA:940,0
DA:949,1
DA:952,0
DA:1357,1
DA:1366,1
DA:1368,1
DA:1369,0
DA:1371,1
DA:1373,4
DA:1374,3
DA:1375,0
DA:1377,0
DA:1378,0
DA:1386,0
DA:1391,1
DA:1392,1
DA:1399,1
DA:1402,1
DA:1406,1
DA:1410,1
DA:1411,0
DA:1412,0
DA:1416,1
DA:1419,1
DA:1420,0
DA:1425,0
DA:1429,1
DA:1433,1
DA:1434,0
DA:1437,0
DA:1439,0
DA:1451,1
DA:1463,1
DA:1464,0
DA:1465,0
DA:1467,0
DA:1471,1
DA:1472,0
DA:1474,1
DA:1478,1
DA:1479,0
DA:1480,0
DA:1482,0
DA:1486,1
DA:1487,1
DA:1489,1
DA:1490,1
DA:1494,1
DA:1495,0
DA:1512,1
DA:1514,1
DA:1515,1
DA:1516,0
DA:1518,1
DA:1521,1
DA:1530,1
DA:1531,0
DA:1532,0
DA:1536,1
DA:1537,0
DA:1538,0
DA:1543,1
DA:1545,0
DA:1546,0
DA:1550,1
DA:1551,0
DA:1552,0
DA:1557,1
DA:1558,0
DA:1559,0
DA:1566,1
DA:1569,1
DA:1570,0
DA:1571,0
DA:1593,1
DA:1594,1
DA:1599,0
DA:1633,1
DA:1636,1
DA:1637,1
DA:1638,0
DA:1641,1
DA:1642,0
DA:1643,0
DA:1644,0
DA:1648,0
DA:1657,1
DA:1658,0
DA:1660,1
DA:1662,1
DA:1671,1
DA:1672,0
DA:1673,0
DA:1675,0
DA:1677,1
DA:1683,156
DA:1684,155
DA:1688,1
DA:1690,1
DA:1693,1
DA:1695,1
DA:1701,1
DA:1703,1
DA:1708,1
DA:1710,1
DA:1712,1
DA:1729,1
DA:1731,1
DA:1734,1
DA:1735,0
DA:1736,0
DA:1758,1
DA:1764,1
DA:1765,0
DA:1768,1
DA:1770,1
DA:1771,0
DA:1773,0
DA:1774,0
DA:1777,1
DA:1779,1
DA:1780,1
DA:1781,1
DA:1782,1
DA:1787,1
DA:1790,1
DA:1792,1
DA:1794,1
DA:1795,0
DA:1796,0
DA:1800,1
DA:1801,1
DA:1805,0
DA:1806,0
DA:1810,1
DA:1811,0
DA:1812,0
DA:1813,0
DA:1816,0
DA:1820,0
DA:1821,0
DA:1826,1
DA:1827,1
DA:1828,1
DA:1830,1
DA:1831,0
DA:1832,0
DA:1839,1
DA:1840,0
DA:1841,0
DA:1842,0
DA:1846,1
DA:1847,1
DA:1848,1
DA:1852,1
DA:1873,1
DA:1874,0
DA:1875,0
DA:1879,1
DA:1880,0
DA:1882,1
DA:1883,1
DA:1885,1
DA:1886,0
DA:1887,0
DA:1890,1
DA:1894,1
DA:1896,1
DA:1899,1
DA:1905,1
DA:1908,0
DA:1910,0
DA:1911,0
DA:1914,0
DA:1915,0
DA:1918,0
DA:1921,0
DA:1922,0
DA:1924,0
DA:1926,0
DA:1927,0
DA:1928,0
DA:1930,0
DA:1931,0
DA:1933,0
DA:1936,0
DA:1937,0
DA:1940,0
DA:1941,0
DA:1944,0
DA:1945,0
DA:1946,0
DA:1949,0
DA:1957,1
DA:1966,1
DA:1969,1
DA:1970,1
DA:1972,1
DA:1974,1
DA:1975,0
DA:1976,0
DA:1977,0
DA:1981,1
DA:1982,0
DA:1983,0
DA:1985,0
DA:1986,0
DA:1988,0
DA:1989,0
DA:1993,0
DA:1995,0
DA:2000,0
DA:2008,1
DA:2009,0
DA:2010,0
DA:2011,0
DA:2018,1
DA:2020,0
DA:2021,0
DA:2025,1
DA:2026,0
DA:2028,1
DA:2035,1
DA:2133,1
DA:2138,1
DA:2140,1
DA:2141,0
DA:2142,0
DA:2161,1
DA:2162,1
DA:2166,1
DA:2167,1
DA:2172,0
DA:2180,1
DA:2184,1
DA:2186,1
DA:2188,1
DA:2189,0
DA:2190,0
DA:2193,1
DA:2204,1
DA:2205,0
DA:2206,0
DA:2219,1
DA:2221,1
DA:2223,1
DA:2224,1
DA:2229,0
DA:2230,0
DA:2234,0
DA:2235,0
DA:2240,0
DA:2242,0
DA:2243,0
DA:2248,0
DA:2254,0
DA:2257,0
DA:2260,0
DA:2261,0
DA:2262,0
DA:2282,1
DA:2283,0
DA:2284,0
DA:2288,1
DA:2289,0
DA:2290,0
DA:2296,0
DA:2298,0
DA:2303,0
DA:2304,0
DA:2305,0
DA:2306,0
DA:2307,0
DA:2308,0
DA:2312,0
DA:2313,0
DA:2314,0
DA:2315,0
DA:2316,0
DA:2319,0
DA:2320,0
DA:2321,0
DA:2322,0
DA:2323,0
DA:2327,0
DA:2328,0
DA:2330,0
DA:2331,0
DA:2332,0
DA:2333,0
DA:2334,0
DA:2337,0
DA:2338,0
DA:2339,0
DA:2340,0
DA:2341,0
DA:2345,0
DA:2347,0
DA:2350,0
DA:2352,0
DA:2357,0
DA:2361,0
DA:2362,0
DA:2366,0
DA:2374,0
DA:2375,0
DA:2376,0
DA:2380,0
DA:2381,0
DA:2382,0
DA:2387,0
DA:2390,0
DA:2391,0
DA:2395,0
DA:2396,0
DA:2400,0
DA:2402,0
DA:2405,1
DA:2409,1
DA:2412,1
DA:2415,1
DA:2417,1
DA:2419,1
DA:2420,1
DA:2423,0
DA:2424,0
DA:2426,0
DA:2429,0
DA:2431,0
DA:2434,1
DA:2436,1
DA:2438,1
DA:2439,0
DA:2440,0
DA:2444,1
DA:2446,1
DA:2447,1
DA:2450,1
DA:2451,0
DA:2454,1
DA:2458,1
DA:2474,1
DA:2476,1
DA:2480,1
DA:2483,1
DA:2484,1
DA:2486,1
DA:2487,0
DA:2488,0
DA:2492,1
DA:2495,0
DA:2498,0
DA:2501,0
DA:2504,0
DA:2505,0
DA:2506,0
DA:2510,0
DA:2517,0
DA:2519,0
DA:2521,0
DA:2523,0
DA:2524,0
DA:2530,0
DA:2532,0
DA:2533,0
DA:2542,0
DA:2568,0
DA:2573,0
DA:2575,0
DA:2578,0
DA:2580,0
DA:2581,0
DA:2582,0
DA:2585,0
DA:2586,0
DA:2593,0
DA:2594,0
DA:2595,0
DA:2601,0
DA:2603,0
DA:2604,0
DA:2607,0
DA:2608,0
DA:2610,0
DA:2613,0
DA:2614,0
DA:2618,0
DA:2621,0
DA:2622,0
DA:2625,0
DA:2626,0
DA:2627,0
DA:2628,0
DA:2630,0
DA:2639,4
DA:2644,4
DA:2646,0
DA:2647,0
DA:2657,0
DA:2659,0
DA:2660,0
DA:2661,0
DA:2663,0
DA:2665,0
DA:2666,0
DA:2667,0
DA:2670,0
DA:2672,0
DA:2675,0
DA:2679,0
DA:2684,0
DA:2686,0
DA:2689,0
DA:2691,0
DA:2693,0
DA:2719,0
DA:2720,0
DA:2721,0
DA:2722,0
DA:2723,0
DA:2724,0
DA:2725,0
DA:2726,0
DA:2728,0
DA:2729,0
DA:2730,0
DA:2731,0
DA:2732,0
DA:2733,0
DA:2734,0
DA:2735,0
DA:2737,0
DA:2742,0
DA:2743,0
DA:2744,0
DA:2748,0
DA:2749,0
DA:2751,0
DA:2752,0
DA:2758,0
DA:2759,0
DA:2760,0
DA:2761,0
DA:2762,0
DA:2764,0
DA:2767,0
DA:2768,0
DA:2769,0
DA:2770,0
DA:2772,0
DA:2776,0
DA:2777,0
DA:2780,0
DA:2781,0
DA:2782,0
DA:2786,0
DA:2787,0
DA:2788,0
DA:2790,0
DA:2791,0
DA:2793,0
DA:2794,0
DA:2795,0
DA:2798,0
DA:2800,0
DA:2801,0
DA:2802,0
DA:2803,0
DA:2804,0
DA:2807,0
DA:2809,0
DA:2811,0
DA:2812,0
DA:2813,0
DA:2815,0
DA:2816,4
DA:2817,4
DA:2824,4
DA:2827,4
DA:2828,4
DA:2831,4
DA:2832,4
DA:2834,4
DA:2838,4
DA:2843,4
DA:2844,4
DA:2845,4
DA:2848,4
DA:2849,4
DA:2850,4
DA:2851,4
DA:2853,4
DA:2854,4
DA:2855,4
DA:2858,4
DA:2859,4
DA:2860,4
DA:2862,4
DA:2863,4
DA:2865,4
DA:2866,0
DA:2867,0
DA:2870,4
DA:2872,4
DA:2873,4
DA:2874,4
DA:2875,4
DA:2876,4
DA:2879,4
DA:2881,4
DA:2885,4
DA:2887,4
DA:2895,0
DA:2898,0
DA:2899,0
DA:2900,0
DA:2901,0
DA:2902,0
DA:2903,0
DA:2906,0
DA:2911,0
DA:2920,0
DA:2922,0
DA:2924,0
DA:2925,0
DA:2928,0
DA:2932,0
DA:2934,0
DA:2935,0
DA:2937,0
DA:2938,0
DA:2941,0
DA:2945,0
DA:2946,0
DA:2950,0
DA:2951,0
DA:2953,0
DA:2958,0
DA:2960,0
DA:2965,0
DA:2966,0
DA:2967,0
DA:2971,0
DA:2979,0
DA:2981,0
DA:2986,0
DA:2987,0
DA:2993,0
DA:2997,0
DA:3000,0
DA:3002,0
DA:3003,0
DA:3004,0
DA:3006,0
DA:3007,0
DA:3008,0
DA:3009,0
DA:3011,0
DA:3015,0
DA:3017,0
DA:3023,0
DA:3027,0
DA:3028,0
DA:3032,0
DA:3033,0
DA:3035,0
DA:3040,0
DA:3042,0
DA:3047,0
DA:3048,0
DA:3049,0
DA:3053,0
DA:3061,0
DA:3063,0
DA:3068,0
DA:3069,0
DA:3075,0
DA:3079,0
DA:3082,0
DA:3084,0
DA:3085,0
DA:3086,0
DA:3088,0
DA:3090,0
DA:3091,0
DA:3092,0
DA:3094,0
DA:3098,0
DA:3099,0
DA:3120,1
DA:3128,1
DA:3135,1
DA:3136,1
DA:3137,1
DA:3138,1
DA:3141,1
DA:3142,39
DA:3143,38
DA:3148,1
DA:3149,1
DA:3158,1
DA:3159,1
DA:3161,1
DA:3165,1
DA:3169,1
DA:3176,1
DA:3179,1
DA:3182,1
DA:3184,1
DA:3185,0
DA:3186,0
DA:3190,0
DA:3191,0
DA:3192,0
DA:3201,1
DA:3204,0
DA:3205,0
DA:3208,0
DA:3210,0
DA:3211,0
DA:3214,1
DA:3217,1
DA:3218,0
DA:3219,0
DA:3223,1
DA:3224,0
DA:3225,0
DA:3229,1025
DA:3230,1024
DA:3237,0
DA:3245,0
DA:3247,0
DA:3248,0
DA:3251,0
DA:3254,0
DA:3256,0
DA:3257,0
DA:3261,0
DA:3264,0
DA:3266,0
DA:3267,0
DA:3268,0
DA:3270,0
DA:3273,0
DA:3274,0
DA:3275,0
DA:3280,0
DA:3281,0
DA:3283,0
DA:3284,0
DA:3286,0
DA:3287,0
DA:3289,0
DA:3290,0
DA:3292,0
DA:3295,0
DA:3297,0
DA:3298,0
DA:3299,0
DA:3301,0
DA:3304,0
DA:3305,0
DA:3306,0
DA:3312,0
DA:3313,0
DA:3316,0
DA:3319,0
DA:3320,0
DA:3322,0
DA:3323,0
DA:3325,0
DA:3329,0
DA:3330,0
DA:3333,0
DA:3334,0
DA:3336,0
DA:3339,0
DA:3343,0
DA:3351,0
DA:3358,0
DA:3360,0
DA:3361,0
DA:3364,0
DA:3367,0
DA:3368,0
DA:3371,0
DA:3375,0
DA:3376,0
DA:3377,0
DA:3379,0
DA:3382,0
DA:3383,0
DA:3385,0
DA:3386,0
DA:3388,0
DA:3394,0
DA:3395,0
DA:3399,0
DA:3400,0
DA:3403,0
DA:3406,0
DA:3407,0
DA:3409,0
DA:3410,0
DA:3412,0
DA:3416,0
DA:3417,0
DA:3420,0
DA:3426,1
DA:3436,1
DA:3438,1
DA:3439,0
DA:3442,0
DA:3446,1
DA:3448,1
DA:3449,0
DA:3450,0
DA:3456,1
DA:3457,0
DA:3458,0
DA:3459,1
DA:3460,1
DA:3461,1
DA:3465,1
DA:3466,1
DA:3468,1
DA:3473,0
DA:3475,0
DA:3478,1
DA:3479,0
DA:3531,2
DA:3539,2
DA:3541,2
DA:3542,0
DA:3545,0
DA:3548,2
DA:3549,1
DA:3553,1
DA:3556,1
DA:3558,0
DA:3559,0
DA:3560,0
DA:3562,0
DA:3565,0
DA:3566,0
DA:3567,0
DA:3572,0
DA:3573,0
DA:3574,0
DA:3576,0
DA:3577,0
DA:3579,0
DA:3580,0
DA:3582,0
DA:3583,0
DA:3585,0
DA:3589,1
DA:3591,2
DA:3593,2
DA:3594,2
DA:3596,2
DA:3599,1
DA:3600,1
DA:3601,1
DA:3603,1
DA:3604,0
DA:3606,1
DA:3612,0
DA:3613,0
DA:3617,1
DA:3618,1
DA:3621,1
DA:3624,1
DA:3625,0
DA:3627,1
DA:3628,0
DA:3630,0
DA:3634,0
DA:3635,0
DA:3638,1
DA:3639,0
DA:3640,0
DA:3646,0
DA:3651,0
DA:3655,0
DA:3657,0
DA:3661,0
DA:3662,0
DA:3665,0
DA:3687,152
DA:3698,152
DA:3700,152
DA:3701,0
DA:3704,0
DA:3707,152
DA:3709,152
DA:3710,0
DA:3714,0
DA:3716,0
DA:3717,0
DA:3719,0
DA:3723,152
DA:3733,0
DA:3747,0
DA:3749,0
DA:3750,0
DA:3752,0
DA:3753,0
DA:3757,0
DA:3761,0
DA:3762,0
DA:3763,0
DA:3765,0
DA:3768,0
DA:3771,0
DA:3773,0
DA:3781,0
DA:3782,0
DA:3785,0
DA:3787,152
DA:3797,1305
DA:3811,1153
DA:3813,1153
DA:3814,0
DA:3816,0
DA:3817,0
DA:3821,1153
DA:3825,1153
DA:3826,0
DA:3827,0
DA:3829,0
DA:3833,1153
DA:3836,1153
DA:3838,1153
DA:3846,152
DA:3847,0
DA:3850,0
DA:3853,0
DA:3854,0
DA:3860,0
DA:3868,0
DA:3870,0
DA:3871,0
DA:3873,0
DA:3876,0
DA:3885,0
DA:3893,0
DA:3898,0
DA:3901,0
DA:3903,0
DA:3904,0
DA:3905,0
DA:3910,0
DA:3918,0
DA:3921,0
DA:3923,0
DA:3924,0
DA:3925,0
DA:3930,0
DA:3938,1
DA:3945,1
DA:3947,1
DA:3951,1
DA:3953,1
DA:3954,0
DA:3956,0
DA:3959,1
DA:3969,0
DA:3970,0
DA:3972,0
DA:3977,0
DA:3986,0
DA:3991,0
DA:3996,0
DA:4002,0
DA:4003,0
DA:4004,0
DA:4005,0
DA:4006,0
DA:4007,0
DA:4008,0
DA:4009,0
DA:4014,0
DA:4016,0
DA:4020,0
DA:4022,0
DA:4023,0
DA:4031,0
DA:4034,0
DA:4039,0
DA:4040,0
DA:4041,0
DA:4044,0
DA:4046,0
DA:4047,0
DA:4049,0
DA:4050,0
DA:4052,0
DA:4058,0
DA:4064,0
DA:4066,0
DA:4067,0
DA:4069,0
DA:4071,0
DA:4073,0
DA:4075,0
DA:4078,0
DA:4082,0
DA:4085,0
DA:4093,0
DA:4094,1
DA:4098,1
DA:4104,1
DA:4109,1
DA:4111,0
DA:4113,1
DA:4116,1
DA:4118,1
DA:4120,0
DA:4124,1
DA:4126,1
DA:4127,0
DA:4138,1
DA:4140,1
DA:4143,1
DA:4144,0
DA:4145,0
DA:4148,1
DA:4150,1
DA:4151,0
DA:4153,1
DA:4154,0
DA:4156,1
DA:4165,1
DA:4167,1
DA:4168,0
DA:4170,0
DA:4172,1
DA:4174,1
DA:4176,1
DA:4179,1
DA:4182,1
DA:4185,1
DA:4194,0
DA:4195,0
DA:4200,12
DA:4208,12
DA:4209,12
DA:4213,12
DA:4215,12
DA:4216,0
DA:4218,0
DA:4221,12
DA:4232,0
DA:4234,0
DA:4235,0
DA:4237,0
DA:4238,0
DA:4240,0
DA:4246,0
DA:4254,0
DA:4259,0
DA:4261,0
DA:4262,0
DA:4264,0
DA:4270,0
DA:4271,0
DA:4272,0
DA:4273,0
DA:4274,0
DA:4276,0
DA:4277,0
DA:4278,0
DA:4279,0
DA:4280,0
DA:4281,0
DA:4282,0
DA:4283,0
DA:4284,0
DA:4285,0
DA:4286,0
DA:4288,0
DA:4289,0
DA:4290,0
DA:4291,0
DA:4292,0
DA:4293,0
DA:4294,0
DA:4295,0
DA:4296,0
DA:4297,0
DA:4298,0
DA:4299,0
DA:4303,0
DA:4304,0
DA:4309,0
DA:4311,0
DA:4312,0
DA:4323,0
DA:4325,0
DA:4328,0
DA:4329,0
DA:4330,0
DA:4331,0
DA:4332,0
DA:4333,0
DA:4336,0
DA:4339,0
DA:4340,0
DA:4344,0
DA:4345,0
DA:4351,0
DA:4352,0
DA:4353,0
DA:4354,0
DA:4358,0
DA:4359,0
DA:4362,0
DA:4364,0
DA:4365,0
DA:4366,0
DA:4367,0
DA:4372,0
DA:4373,0
DA:4376,0
DA:4378,0
DA:4379,0
DA:4380,0
DA:4381,0
DA:4385,0
DA:4390,0
DA:4391,0
DA:4395,0
DA:4398,0
DA:4399,0
DA:4402,0
DA:4403,0
DA:4404,0
DA:4405,0
DA:4408,0
DA:4410,0
DA:4417,0
DA:4418,0
DA:4422,0
DA:4424,0
DA:4427,0
DA:4428,0
DA:4429,0
DA:4434,0
DA:4437,0
DA:4439,0
DA:4440,0
DA:4441,0
DA:4444,0
DA:4445,0
DA:4446,0
DA:4449,0
DA:4450,0
DA:4451,0
DA:4454,0
DA:4455,0
DA:4456,0
DA:4459,0
DA:4460,0
DA:4461,0
DA:4470,0
DA:4471,0
DA:4472,0
DA:4473,0
DA:4475,0
DA:4476,0
DA:4477,0
DA:4480,0
DA:4482,0
DA:4484,0
DA:4486,0
DA:4487,0
DA:4488,0
DA:4489,0
DA:4490,0
DA:4491,0
DA:4492,0
DA:4493,0
DA:4494,0
DA:4497,0
DA:4498,0
DA:4501,0
DA:4502,0
DA:4504,0
DA:4505,0
DA:4507,0
DA:4508,0
DA:4509,0
DA:4510,0
DA:4511,0
DA:4512,0
DA:4516,0
DA:4517,0
DA:4518,0
DA:4519,12
DA:4523,12
DA:4528,12
DA:4533,12
DA:4535,0
DA:4537,12
DA:4540,12
DA:4542,12
DA:4543,0
DA:4548,12
DA:4550,12
DA:4551,0
DA:4562,12
DA:4564,12
DA:4567,12
DA:4568,0
DA:4569,0
DA:4572,24
DA:4574,12
DA:4577,12
DA:4578,0
DA:4584,0
DA:4588,12
DA:4589,12
DA:4592,0
DA:4599,12
DA:4600,12
DA:4603,0
DA:4609,12
DA:4612,12
DA:4613,12
DA:4620,12
DA:4621,0
DA:4624,0
DA:4627,12
DA:4629,12
DA:4632,12
DA:4633,12
DA:4636,12
DA:4637,0
DA:4641,12
DA:4644,12
DA:4646,12
DA:4647,12
DA:4648,12
DA:4652,0
DA:4655,12
DA:4657,0
DA:4658,0
DA:4659,0
DA:4662,0
DA:4664,0
DA:4665,0
DA:4666,0
DA:4669,0
DA:4670,0
DA:4671,0
DA:4674,0
DA:4675,0
DA:4676,0
DA:4681,0
DA:4682,0
DA:4683,0
DA:4684,0
DA:4685,0
DA:4687,0
DA:4689,0
DA:4692,12
DA:4693,12
DA:4695,12
DA:4696,0
DA:4700,0
DA:4705,0
DA:4706,0
DA:4712,0
DA:4717,0
DA:4722,0
DA:4724,0
DA:4725,0
DA:4728,0
DA:4731,0
DA:4736,0
DA:4737,0
DA:4738,0
DA:4739,0
DA:4740,0
DA:4744,0
DA:4749,0
DA:4754,0
DA:4755,0
DA:4756,0
DA:4757,0
DA:4758,0
DA:4760,0
DA:4763,0
DA:4767,0
DA:4770,0
DA:4774,0
DA:4777,0
DA:4778,0
DA:4779,0
DA:4780,0
DA:4781,0
DA:4783,0
DA:4785,0
DA:4788,0
DA:4790,0
DA:4791,0
DA:4793,0
DA:4798,0
DA:4800,0
DA:4803,0
DA:4805,0
DA:4807,0
DA:4810,0
DA:4815,0
DA:4818,0
DA:4822,0
DA:4825,0
DA:4830,0
DA:4832,0
DA:4834,0
DA:4837,0
DA:4841,0
DA:4846,0
DA:4850,0
DA:4851,0
DA:4853,0
DA:4854,0
DA:4856,0
DA:4858,0
DA:4862,0
DA:4864,0
DA:4865,0
DA:4867,0
DA:4873,0
DA:4877,0
DA:4879,0
DA:4881,0
DA:4884,0
DA:4890,0
DA:4893,0
DA:4898,0
DA:4899,0
DA:4905,0
DA:4913,0
DA:4915,0
DA:4916,0
DA:4920,0
DA:4923,0
DA:4928,0
DA:4929,0
DA:4930,0
DA:4931,0
DA:4932,0
DA:4933,0
DA:4935,0
DA:4939,0
DA:4944,0
DA:4949,0
DA:4950,0
DA:4951,0
DA:4952,0
DA:4953,0
DA:4954,0
DA:4955,0
DA:4958,0
DA:4963,0
DA:4964,0
DA:4972,0
DA:4974,0
DA:4975,0
DA:4980,0
DA:4983,0
DA:4991,0
DA:4992,0
DA:4997,0
DA:5002,0
DA:5003,0
DA:5013,0
DA:5015,0
DA:5022,0
DA:5025,0
DA:5032,0
DA:5034,0
DA:5035,0
DA:5040,0
DA:5043,0
DA:5051,0
DA:5052,0
DA:5056,0
DA:5061,0
DA:5062,0
DA:5070,0
DA:5071,0
DA:5076,1140
DA:5084,1140
DA:5086,1140
DA:5087,0
DA:5088,0
DA:5155,1140
DA:5156,0
DA:5157,0
DA:5158,0
DA:5161,0
DA:5162,0
DA:5170,0
DA:5172,0
DA:5183,0
DA:5195,0
DA:5196,0
DA:5199,0
DA:5200,0
DA:5202,0
DA:5204,0
DA:5207,0
DA:5208,0
DA:5209,0
DA:5211,1140
DA:5212,1140
DA:5213,1140
DA:5214,1140
DA:5218,1140
DA:5219,0
DA:5227,0
DA:5229,0
DA:5238,0
DA:5250,0
DA:5251,1140
DA:5255,1140
DA:5256,1140
DA:5259,1140
DA:5262,1140
DA:5263,0
DA:5264,0
DA:5267,0
DA:5268,0
DA:5275,0
DA:5281,1140
DA:5282,0
DA:5292,0
DA:5303,0
DA:5306,0
DA:5312,0
DA:5322,0
DA:5334,0
DA:5397,0
DA:5410,0
DA:5412,0
DA:5413,0
DA:5416,0
DA:5419,0
DA:5421,0
DA:5426,0
DA:5433,0
DA:5435,0
DA:5440,0
DA:5444,0
DA:5445,0
DA:5447,0
DA:5448,0
DA:5450,0
DA:5451,0
DA:5452,0
DA:5454,0
DA:5455,0
DA:5458,0
DA:5459,0
DA:5462,0
DA:5463,0
DA:5473,0
DA:5481,0
DA:5483,0
DA:5484,0
DA:5485,0
DA:5490,0
DA:5498,0
DA:5501,0
DA:5503,0
DA:5506,0
DA:5513,0
DA:5515,0
DA:5516,0
DA:5518,0
DA:5523,0
DA:5531,0
DA:5533,0
DA:5536,0
DA:5542,0
DA:5544,0
DA:5545,0
DA:5546,0
DA:5549,0
DA:5550,0
DA:5551,0
DA:5554,0
DA:5559,0
DA:5560,0
DA:5562,0
DA:5564,0
DA:5566,0
DA:5567,0
DA:5569,0
DA:5570,0
DA:5571,0
DA:5578,0
DA:5584,0
DA:5586,0
DA:5587,0
DA:5588,0
DA:5591,0
DA:5592,0
DA:5593,0
DA:5596,0
DA:5601,0
DA:5602,0
DA:5604,0
DA:5606,0
DA:5608,0
DA:5609,0
DA:5611,0
DA:5612,0
DA:5613,0
DA:5664,1
DA:5672,1
DA:5673,0
DA:5674,0
DA:5677,1
DA:5679,1
DA:5680,0
DA:5681,0
DA:5684,1
DA:5686,0
DA:5692,1
DA:5694,1
DA:5695,0
DA:5696,0
DA:5698,1
DA:5699,1
DA:5700,1
DA:5701,1
DA:5703,1
DA:5704,0
DA:5705,0
DA:5748,1
DA:5752,1
DA:5756,1
DA:5758,1
DA:5760,1
DA:5762,1
DA:5763,0
DA:5764,0
DA:5768,1
DA:5772,1
DA:5774,1
DA:5776,1
DA:5777,0
DA:5778,1
DA:5779,1
DA:5781,0
DA:5782,0
DA:5788,1
DA:5789,1
DA:5792,1
DA:5793,0
DA:5799,1
DA:5800,1
DA:5807,0
DA:5808,0
DA:5811,1
DA:5815,1
DA:5818,1
DA:5820,1
LF:1736
LH:514
end_of_record
TN:
SF:/home/runner/work/dlt-daemon/dlt-daemon/src/daemon/dlt_daemon_client.c
FN:103,176,dlt_daemon_client_send_all_multiple
FN:1235,1496,dlt_daemon_client_process_control_v2
FN:1498,1557,dlt_daemon_control_get_software_version
FN:1559,1618,dlt_daemon_control_get_software_version_v2
FN:1620,1673,dlt_daemon_control_get_default_log_level
FN:1675,1728,dlt_daemon_control_get_default_log_level_v2
FN:1730,2096,dlt_daemon_control_get_log_info
FN:179,329,dlt_daemon_client_send
FN:2098,2536,dlt_daemon_control_get_log_info_v2
FN:2538,2597,dlt_daemon_control_message_buffer_overflow
FN:2599,2658,dlt_daemon_control_message_buffer_overflow_v2
FN:2660,2704,dlt_daemon_control_service_response
FN:2706,2750,dlt_daemon_control_service_response_v2
FN:2752,2805,dlt_daemon_control_message_unregister_context
FN:2807,2881,dlt_daemon_control_message_unregister_context_v2
FN:2883,2934,dlt_daemon_control_message_connection_info
FN:2936,2987,dlt_daemon_control_message_connection_info_v2
FN:2989,3049,dlt_daemon_control_message_timezone
FN:3051,3104,dlt_daemon_control_message_timezone_v2
FN:3106,3150,dlt_daemon_control_message_marker
FN:3152,3275,dlt_daemon_control_callsw_cinjection
FN:3277,3411,dlt_daemon_control_callsw_cinjection_v2
FN:331,483,dlt_daemon_client_send_v2
FN:3413,3437,dlt_daemon_send_log_level
FN:3439,3463,dlt_daemon_send_log_level_v2
FN:3465,3511,dlt_daemon_find_multiple_context_and_send_log_level
FN:3513,3559,dlt_daemon_find_multiple_context_and_send_log_level_v2
FN:3562,3658,dlt_daemon_control_set_log_level
FN:3660,3772,dlt_daemon_control_set_log_level_v2
FN:3774,3798,dlt_daemon_send_trace_status
FN:3800,3824,dlt_daemon_send_trace_status_v2
FN:3826,3872,dlt_daemon_find_multiple_context_and_send_trace_status
FN:3874,3920,dlt_daemon_find_multiple_context_and_send_trace_status_v2
FN:3922,4018,dlt_daemon_control_set_trace_status
FN:4020,4118,dlt_daemon_control_set_trace_status_v2
FN:4120,4155,dlt_daemon_control_set_default_log_level
FN:4157,4192,dlt_daemon_control_set_default_log_level_v2
FN:4194,4233,dlt_daemon_control_set_all_log_level
FN:4235,4274,dlt_daemon_control_set_all_log_level_v2
FN:4276,4312,dlt_daemon_control_set_default_trace_status
FN:4314,4350,dlt_daemon_control_set_default_trace_status_v2
FN:4352,4390,dlt_daemon_control_set_all_trace_status
FN:4392,4430,dlt_daemon_control_set_all_trace_status_v2
FN:4432,4459,dlt_daemon_control_set_timing_packets
FN:4461,4488,dlt_daemon_control_set_timing_packets_v2
FN:4490,4562,dlt_daemon_control_message_time
FN:4564,4607,dlt_daemon_process_one_s_timer
FN:4609,4678,dlt_daemon_process_sixty_s_timer
FN:4719,4732,dlt_daemon_process_systemd_timer
FN:4735,4970,dlt_daemon_control_service_logstorage
FN:485,557,dlt_daemon_client_send_message_to_all_client
FN:4972,5207,dlt_daemon_control_service_logstorage_v2
FN:5209,5264,dlt_daemon_control_passive_node_connect
FN:5266,5322,dlt_daemon_control_passive_node_connect_v2
FN:5324,5405,dlt_daemon_control_passive_node_connect_status_v2
FN:5407,5487,dlt_daemon_control_passive_node_connect_status
FN:559,693,dlt_daemon_client_send_message_to_all_client_v2
FN:695,781,dlt_daemon_client_send_control_message
FN:783,970,dlt_daemon_client_send_control_message_v2
FN:972,1233,dlt_daemon_client_process_control
FNDA:0,dlt_daemon_client_send_all_multiple
FNDA:0,dlt_daemon_client_process_control_v2
FNDA:0,dlt_daemon_control_get_software_version
FNDA:0,dlt_daemon_control_get_software_version_v2
FNDA:0,dlt_daemon_control_get_default_log_level
FNDA:0,dlt_daemon_control_get_default_log_level_v2
FNDA:0,dlt_daemon_control_get_log_info
FNDA:1146,dlt_daemon_client_send
FNDA:0,dlt_daemon_control_get_log_info_v2
FNDA:0,dlt_daemon_control_message_buffer_overflow
FNDA:0,dlt_daemon_control_message_buffer_overflow_v2
FNDA:1,dlt_daemon_control_service_response
FNDA:0,dlt_daemon_control_service_response_v2
FNDA:0,dlt_daemon_control_message_unregister_context
FNDA:0,dlt_daemon_control_message_unregister_context_v2
FNDA:1,dlt_daemon_control_message_connection_info
FNDA:0,dlt_daemon_control_message_connection_info_v2
FNDA:0,dlt_daemon_control_message_timezone
FNDA:0,dlt_daemon_control_message_timezone_v2
FNDA:0,dlt_daemon_control_message_marker
FNDA:0,dlt_daemon_control_callsw_cinjection
FNDA:0,dlt_daemon_control_callsw_cinjection_v2
FNDA:0,dlt_daemon_client_send_v2
FNDA:0,dlt_daemon_send_log_level
FNDA:0,dlt_daemon_send_log_level_v2
FNDA:0,dlt_daemon_find_multiple_context_and_send_log_level
FNDA:0,dlt_daemon_find_multiple_context_and_send_log_level_v2
FNDA:0,dlt_daemon_control_set_log_level
FNDA:0,dlt_daemon_control_set_log_level_v2
FNDA:0,dlt_daemon_send_trace_status
FNDA:0,dlt_daemon_send_trace_status_v2
FNDA:0,dlt_daemon_find_multiple_context_and_send_trace_status
FNDA:0,dlt_daemon_find_multiple_context_and_send_trace_status_v2
FNDA:0,dlt_daemon_control_set_trace_status
FNDA:0,dlt_daemon_control_set_trace_status_v2
FNDA:0,dlt_daemon_control_set_default_log_level
FNDA:0,dlt_daemon_control_set_default_log_level_v2
FNDA:0,dlt_daemon_control_set_all_log_level
FNDA:0,dlt_daemon_control_set_all_log_level_v2
FNDA:0,dlt_daemon_control_set_default_trace_status
FNDA:0,dlt_daemon_control_set_default_trace_status_v2
FNDA:0,dlt_daemon_control_set_all_trace_status
FNDA:0,dlt_daemon_control_set_all_trace_status_v2
FNDA:0,dlt_daemon_control_set_timing_packets
FNDA:0,dlt_daemon_control_set_timing_packets_v2
FNDA:0,dlt_daemon_control_message_time
FNDA:0,dlt_daemon_process_one_s_timer
FNDA:0,dlt_daemon_process_sixty_s_timer
FNDA:0,dlt_daemon_process_systemd_timer
FNDA:1,dlt_daemon_control_service_logstorage
FNDA:1140,dlt_daemon_client_send_message_to_all_client
FNDA:0,dlt_daemon_control_service_logstorage_v2
FNDA:0,dlt_daemon_control_passive_node_connect
FNDA:0,dlt_daemon_control_passive_node_connect_v2
FNDA:0,dlt_daemon_control_passive_node_connect_status_v2
FNDA:0,dlt_daemon_control_passive_node_connect_status
FNDA:0,dlt_daemon_client_send_message_to_all_client_v2
FNDA:2,dlt_daemon_client_send_control_message
FNDA:0,dlt_daemon_client_send_control_message_v2
FNDA:1,dlt_daemon_client_process_control
FNF:60
FNH:7
DA:84,0
DA:103,0
DA:118,0
DA:120,0
DA:121,0
DA:122,0
DA:125,0
DA:134,0
DA:135,0
DA:137,0
DA:138,0
DA:139,0
DA:140,0
DA:143,0
DA:150,0
DA:151,0
DA:152,0
DA:159,0
DA:179,1146
DA:194,1146
DA:195,0
DA:196,0
DA:199,1146
DA:201,1
DA:202,0
DA:203,0
DA:204,0
DA:205,0
DA:206,0
DA:209,1
DA:210,1
DA:211,1
DA:212,0
DA:213,0
DA:217,1
DA:224,1145
DA:225,1145
DA:226,0
DA:227,0
DA:231,0
DA:232,0
DA:233,0
DA:243,1145
DA:244,1145
DA:255,1145
DA:270,1145
DA:272,0
DA:273,0
DA:281,0
DA:289,1145
DA:290,1145
DA:292,1145
DA:294,1145
DA:295,1145
DA:296,0
DA:299,1145
DA:300,0
DA:301,0
DA:302,0
DA:304,0
DA:307,0
DA:308,0
DA:309,0
DA:310,0
DA:311,0
DA:314,0
DA:316,0
DA:320,0
DA:321,0
DA:331,0
DA:346,0
DA:347,0
DA:348,0
DA:351,0
DA:353,0
DA:354,0
DA:355,0
DA:356,0
DA:357,0
DA:358,0
DA:361,0
DA:362,0
DA:363,0
DA:364,0
DA:365,0
DA:369,0
DA:376,0
DA:377,0
DA:378,0
DA:380,0
DA:384,0
DA:385,0
DA:386,0
DA:397,0
DA:398,0
DA:409,0
DA:424,0
DA:426,0
DA:427,0
DA:435,0
DA:443,0
DA:444,0
DA:446,0
DA:448,0
DA:449,0
DA:450,0
DA:453,0
DA:454,0
DA:455,0
DA:456,0
DA:458,0
DA:461,0
DA:462,0
DA:463,0
DA:464,0
DA:465,0
DA:468,0
DA:470,0
DA:474,0
DA:475,0
DA:485,1140
DA:492,1140
DA:494,1140
DA:495,0
DA:496,0
DA:500,1140
DA:501,0
DA:504,0
DA:507,0
DA:508,0
DA:510,0
DA:514,0
DA:515,0
DA:519,1140
DA:520,1140
DA:522,0
DA:525,1140
DA:526,0
DA:528,0
DA:529,0
DA:533,1140
DA:534,0
DA:535,0
DA:537,0
DA:538,1140
DA:539,0
DA:540,0
DA:542,0
DA:543,1140
DA:544,0
DA:545,0
DA:547,0
DA:551,1140
DA:552,1140
DA:554,1140
DA:555,1140
DA:559,0
DA:567,0
DA:568,0
DA:572,0
DA:574,0
DA:576,0
DA:577,0
DA:578,0
DA:581,0
DA:583,0
DA:584,0
DA:585,0
DA:586,0
DA:587,0
DA:589,0
DA:592,0
DA:596,0
DA:599,0
DA:600,0
DA:601,0
DA:603,0
DA:604,0
DA:607,0
DA:609,0
DA:610,0
DA:612,0
DA:613,0
DA:616,0
DA:617,0
DA:620,0
DA:621,0
DA:622,0
DA:623,0
DA:626,0
DA:627,0
DA:628,0
DA:629,0
DA:633,0
DA:634,0
DA:635,0
DA:638,0
DA:639,0
DA:640,0
DA:641,0
DA:644,0
DA:647,0
DA:648,0
DA:651,0
DA:654,0
DA:655,0
DA:658,0
DA:660,0
DA:663,0
DA:664,0
DA:666,0
DA:670,0
DA:671,0
DA:672,0
DA:674,0
DA:675,0
DA:676,0
DA:677,0
DA:679,0
DA:680,0
DA:681,0
DA:682,0
DA:684,0
DA:688,0
DA:690,0
DA:691,0
DA:692,0
DA:695,2
DA:706,2
DA:708,2
DA:712,2
DA:714,2
DA:718,2
DA:719,2
DA:725,2
DA:728,2
DA:732,2
DA:734,2
DA:737,2
DA:738,2
DA:739,2
DA:740,2
DA:742,2
DA:744,2
DA:745,2
DA:747,0
DA:749,2
DA:750,2
DA:752,0
DA:755,2
DA:758,2
DA:760,2
DA:762,2
DA:764,2
DA:765,0
DA:766,0
DA:769,2
DA:771,2
DA:772,2
DA:775,2
DA:776,0
DA:777,0
DA:783,0
DA:799,0
DA:801,0
DA:809,0
DA:815,0
DA:818,0
DA:819,0
DA:820,0
DA:821,0
DA:823,0
DA:824,0
DA:826,0
DA:827,0
DA:831,0
DA:833,0
DA:836,0
DA:841,0
DA:846,0
DA:847,0
DA:850,0
DA:851,0
DA:852,0
DA:853,0
DA:878,0
DA:879,0
DA:880,0
DA:881,0
DA:882,0
DA:883,0
DA:884,0
DA:885,0
DA:887,0
DA:888,0
DA:889,0
DA:890,0
DA:891,0
DA:892,0
DA:893,0
DA:894,0
DA:896,0
DA:901,0
DA:902,0
DA:903,0
DA:907,0
DA:908,0
DA:909,0
DA:910,0
DA:911,0
DA:913,0
DA:917,0
DA:918,0
DA:919,0
DA:923,0
DA:925,0
DA:927,0
DA:930,0
DA:931,0
DA:935,0
DA:937,0
DA:939,0
DA:943,0
DA:944,0
DA:945,0
DA:948,0
DA:950,0
DA:951,0
DA:954,0
DA:955,0
DA:958,0
DA:960,0
DA:961,0
DA:962,0
DA:964,0
DA:965,0
DA:966,0
DA:972,1
DA:981,1
DA:983,1
DA:986,1
DA:989,1
DA:993,1
DA:994,0
DA:995,0
DA:1002,1
DA:1003,1
DA:1005,1
DA:1007,1
DA:1008,0
DA:1010,0
DA:1011,0
DA:1013,0
DA:1015,0
DA:1016,0
DA:1018,0
DA:1020,0
DA:1021,0
DA:1023,0
DA:1025,0
DA:1026,0
DA:1028,0
DA:1030,0
DA:1031,0
DA:1032,0
DA:1037,0
DA:1044,0
DA:1053,0
DA:1059,0
DA:1061,0
DA:1062,0
DA:1063,0
DA:1068,0
DA:1069,0
DA:1071,0
DA:1073,0
DA:1079,0
DA:1081,0
DA:1083,0
DA:1089,0
DA:1091,0
DA:1093,0
DA:1099,0
DA:1101,0
DA:1103,0
DA:1109,0
DA:1111,0
DA:1113,0
DA:1114,0
DA:1116,0
DA:1119,0
DA:1120,0
DA:1122,0
DA:1124,0
DA:1130,0
DA:1132,0
DA:1134,0
DA:1140,0
DA:1142,0
DA:1144,0
DA:1150,0
DA:1152,0
DA:1154,0
DA:1160,0
DA:1162,0
DA:1164,0
DA:1165,0
DA:1167,0
DA:1169,0
DA:1170,0
DA:1172,0
DA:1174,0
DA:1175,0
DA:1177,0
DA:1179,0
DA:1181,0
DA:1183,1
DA:1185,1
DA:1186,1
DA:1188,0
DA:1190,0
DA:1195,0
DA:1197,0
DA:1199,0
DA:1203,0
DA:1205,0
DA:1207,0
DA:1208,0
DA:1210,0
DA:1212,0
DA:1213,0
DA:1215,0
DA:1217,0
DA:1223,0
DA:1229,0
DA:1235,0
DA:1244,0
DA:1246,0
DA:1249,0
DA:1252,0
DA:1255,0
DA:1256,0
DA:1257,0
DA:1265,0
DA:1268,0
DA:1270,0
DA:1271,0
DA:1273,0
DA:1274,0
DA:1276,0
DA:1278,0
DA:1279,0
DA:1281,0
DA:1283,0
DA:1284,0
DA:1286,0
DA:1288,0
DA:1289,0
DA:1291,0
DA:1293,0
DA:1294,0
DA:1295,0
DA:1300,0
DA:1307,0
DA:1316,0
DA:1322,0
DA:1324,0
DA:1325,0
DA:1326,0
DA:1331,0
DA:1332,0
DA:1334,0
DA:1336,0
DA:1342,0
DA:1344,0
DA:1346,0
DA:1352,0
DA:1354,0
DA:1356,0
DA:1362,0
DA:1364,0
DA:1366,0
DA:1372,0
DA:1374,0
DA:1376,0
DA:1377,0
DA:1379,0
DA:1382,0
DA:1383,0
DA:1385,0
DA:1387,0
DA:1393,0
DA:1395,0
DA:1397,0
DA:1403,0
DA:1405,0
DA:1407,0
DA:1413,0
DA:1415,0
DA:1417,0
DA:1423,0
DA:1425,0
DA:1427,0
DA:1428,0
DA:1430,0
DA:1432,0
DA:1433,0
DA:1435,0
DA:1437,0
DA:1438,0
DA:1440,0
DA:1442,0
DA:1444,0
DA:1446,0
DA:1448,0
DA:1449,0
DA:1451,0
DA:1453,0
DA:1458,0
DA:1460,0
DA:1462,0
DA:1466,0
DA:1468,0
DA:1470,0
DA:1471,0
DA:1473,0
DA:1475,0
DA:1476,0
DA:1478,0
DA:1480,0
DA:1486,0
DA:1492,0
DA:1498,0
DA:1504,0
DA:1506,0
DA:1507,0
DA:1510,0
DA:1511,0
DA:1517,0
DA:1521,0
DA:1524,0
DA:1526,0
DA:1527,0
DA:1528,0
DA:1531,0
DA:1532,0
DA:1533,0
DA:1536,0
DA:1537,0
DA:1543,0
DA:1547,0
DA:1548,0
DA:1549,0
DA:1550,0
DA:1553,0
DA:1556,0
DA:1559,0
DA:1565,0
DA:1567,0
DA:1568,0
DA:1571,0
DA:1572,0
DA:1578,0
DA:1582,0
DA:1585,0
DA:1587,0
DA:1588,0
DA:1589,0
DA:1592,0
DA:1593,0
DA:1594,0
DA:1597,0
DA:1598,0
DA:1604,0
DA:1608,0
DA:1609,0
DA:1610,0
DA:1611,0
DA:1614,0
DA:1617,0
DA:1620,0
DA:1625,0
DA:1627,0
DA:1628,0
DA:1631,0
DA:1632,0
DA:1638,0
DA:1641,0
DA:1643,0
DA:1644,0
DA:1645,0
DA:1648,0
DA:1649,0
DA:1650,0
DA:1653,0
DA:1654,0
DA:1660,0
DA:1664,0
DA:1665,0
DA:1666,0
DA:1669,0
DA:1672,0
DA:1675,0
DA:1680,0
DA:1682,0
DA:1683,0
DA:1686,0
DA:1687,0
DA:1693,0
DA:1696,0
DA:1698,0
DA:1699,0
DA:1700,0
DA:1703,0
DA:1704,0
DA:1705,0
DA:1708,0
DA:1709,0
DA:1715,0
DA:1719,0
DA:1720,0
DA:1721,0
DA:1724,0
DA:1727,0
DA:1730,0
DA:1742,0
DA:1761,0
DA:1763,0
DA:1764,0
DA:1766,0
DA:1769,0
DA:1771,0
DA:1775,0
DA:1778,0
DA:1779,0
DA:1785,0
DA:1789,0
DA:1790,0
DA:1796,0
DA:1799,0
DA:1800,0
DA:1801,0
DA:1805,0
DA:1808,0
DA:1809,0
DA:1811,0
DA:1815,0
DA:1818,0
DA:1828,0
DA:1829,0
DA:1840,0
DA:1844,0
DA:1845,0
DA:1847,0
DA:1848,0
DA:1850,0
DA:1853,0
DA:1854,0
DA:1855,0
DA:1858,0
DA:1859,0
DA:1861,0
DA:1862,0
DA:1867,0
DA:1871,0
DA:1872,0
DA:1875,0
DA:1877,0
DA:1879,0
DA:1880,0
DA:1882,0
DA:1883,0
DA:1889,0
DA:1890,0
DA:1892,0
DA:1893,0
DA:1898,0
DA:1899,0
DA:1901,0
DA:1902,0
DA:1903,0
DA:1906,0
DA:1907,0
DA:1909,0
DA:1910,0
DA:1915,0
DA:1916,0
DA:1921,0
DA:1922,0
DA:1924,0
DA:1925,0
DA:1931,0
DA:1938,0
DA:1942,0
DA:1944,0
DA:1947,0
DA:1949,0
DA:1950,0
DA:1957,0
DA:1958,0
DA:1959,0
DA:1962,0
DA:1963,0
DA:1969,0
DA:1974,0
DA:1978,0
DA:1979,0
DA:1981,0
DA:1982,0
DA:1989,0
DA:1990,0
DA:1992,0
DA:1994,0
DA:1995,0
DA:2001,0
DA:2006,0
DA:2007,0
DA:2008,0
DA:2013,0
DA:2014,0
DA:2015,0
DA:2017,0
DA:2018,0
DA:2026,0
DA:2027,0
DA:2028,0
DA:2029,0
DA:2033,0
DA:2034,0
DA:2035,0
DA:2036,0
DA:2040,0
DA:2041,0
DA:2042,0
DA:2043,0
DA:2044,0
DA:2045,0
DA:2046,0
DA:2047,0
DA:2050,0
DA:2051,0
DA:2052,0
DA:2068,0
DA:2069,0
DA:2070,0
DA:2071,0
DA:2072,0
DA:2073,0
DA:2074,0
DA:2075,0
DA:2078,0
DA:2079,0
DA:2080,0
DA:2089,0
DA:2092,0
DA:2095,0
DA:2098,0
DA:2107,0
DA:2110,0
DA:2116,0
DA:2128,0
DA:2130,0
DA:2131,0
DA:2133,0
DA:2136,0
DA:2138,0
DA:2141,0
DA:2143,0
DA:2148,0
DA:2150,0
DA:2152,0
DA:2154,0
DA:2155,0
DA:2156,0
DA:2157,0
DA:2158,0
DA:2159,0
DA:2160,0
DA:2163,0
DA:2164,0
DA:2170,0
DA:2174,0
DA:2175,0
DA:2181,0
DA:2184,0
DA:2186,0
DA:2189,0
DA:2194,0
DA:2196,0
DA:2197,0
DA:2202,0
DA:2206,0
DA:2209,0
DA:2219,0
DA:2220,0
DA:2225,0
DA:2230,0
DA:2234,0
DA:2235,0
DA:2237,0
DA:2238,0
DA:2239,0
DA:2241,0
DA:2242,0
DA:2244,0
DA:2245,0
DA:2247,0
DA:2248,0
DA:2249,0
DA:2250,0
DA:2254,0
DA:2255,0
DA:2258,0
DA:2259,0
DA:2261,0
DA:2262,0
DA:2268,0
DA:2271,0
DA:2272,0
DA:2273,0
DA:2275,0
DA:2276,0
DA:2278,0
DA:2279,0
DA:2284,0
DA:2288,0
DA:2289,0
DA:2292,0
DA:2293,0
DA:2295,0
DA:2296,0
DA:2298,0
DA:2299,0
DA:2305,0
DA:2306,0
DA:2308,0
DA:2309,0
DA:2314,0
DA:2315,0
DA:2317,0
DA:2318,0
DA:2319,0
DA:2322,0
DA:2323,0
DA:2324,0
DA:2325,0
DA:2330,0
DA:2331,0
DA:2336,0
DA:2339,0
DA:2340,0
DA:2346,0
DA:2353,0
DA:2357,0
DA:2359,0
DA:2362,0
DA:2364,0
DA:2365,0
DA:2372,0
DA:2373,0
DA:2375,0
DA:2378,0
DA:2379,0
DA:2380,0
DA:2385,0
DA:2389,0
DA:2392,0
DA:2397,0
DA:2401,0
DA:2402,0
DA:2403,0
DA:2404,0
DA:2405,0
DA:2406,0
DA:2417,0
DA:2418,0
DA:2420,0
DA:2422,0
DA:2423,0
DA:2429,0
DA:2434,0
DA:2436,0
DA:2441,0
DA:2442,0
DA:2443,0
DA:2445,0
DA:2446,0
DA:2447,0
DA:2448,0
DA:2464,0
DA:2465,0
DA:2466,0
DA:2467,0
DA:2471,0
DA:2472,0
DA:2473,0
DA:2474,0
DA:2478,0
DA:2479,0
DA:2480,0
DA:2481,0
DA:2482,0
DA:2483,0
DA:2484,0
DA:2485,0
DA:2488,0
DA:2489,0
DA:2490,0
DA:2506,0
DA:2507,0
DA:2508,0
DA:2509,0
DA:2510,0
DA:2511,0
DA:2512,0
DA:2513,0
DA:2516,0
DA:2517,0
DA:2518,0
DA:2527,0
DA:2530,0
DA:2532,0
DA:2535,0
DA:2538,0
DA:2549,0
DA:2551,0
DA:2555,0
DA:2556,0
DA:2562,0
DA:2566,0
DA:2568,0
DA:2569,0
DA:2570,0
DA:2573,0
DA:2574,0
DA:2575,0
DA:2578,0
DA:2582,0
DA:2583,0
DA:2584,0
DA:2585,0
DA:2588,0
DA:2589,0
DA:2590,0
DA:2594,0
DA:2596,0
DA:2599,0
DA:2610,0
DA:2612,0
DA:2616,0
DA:2617,0
DA:2623,0
DA:2627,0
DA:2629,0
DA:2630,0
DA:2631,0
DA:2634,0
DA:2635,0
DA:2636,0
DA:2639,0
DA:2643,0
DA:2644,0
DA:2645,0
DA:2646,0
DA:2649,0
DA:2650,0
DA:2651,0
DA:2655,0
DA:2657,0
DA:2660,1
DA:2670,1
DA:2672,1
DA:2673,0
DA:2676,1
DA:2680,1
DA:2682,1
DA:2683,0
DA:2684,0
DA:2687,1
DA:2688,1
DA:2689,1
DA:2692,1
DA:2696,1
DA:2697,1
DA:2700,1
DA:2703,1
DA:2706,0
DA:2716,0
DA:2718,0
DA:2719,0
DA:2722,0
DA:2726,0
DA:2728,0
DA:2729,0
DA:2730,0
DA:2733,0
DA:2734,0
DA:2735,0
DA:2738,0
DA:2742,0
DA:2743,0
DA:2746,0
DA:2749,0
DA:2752,0
DA:2763,0
DA:2765,0
DA:2769,0
DA:2773,0
DA:2775,0
DA:2776,0
DA:2777,0
DA:2780,0
DA:2781,0
DA:2782,0
DA:2785,0
DA:2789,0
DA:2790,0
DA:2791,0
DA:2792,0
DA:2793,0
DA:2796,0
DA:2797,0
DA:2798,0
DA:2802,0
DA:2804,0
DA:2807,0
DA:2820,0
DA:2821,0
DA:2824,0
DA:2826,0
DA:2830,0
DA:2834,0
DA:2836,0
DA:2838,0
DA:2839,0
DA:2840,0
DA:2843,0
DA:2844,0
DA:2845,0
DA:2848,0
DA:2851,0
DA:2852,0
DA:2853,0
DA:2854,0
DA:2855,0
DA:2857,0
DA:2859,0
DA:2861,0
DA:2863,0
DA:2864,0
DA:2865,0
DA:2866,0
DA:2867,0
DA:2868,0
DA:2869,0
DA:2872,0
DA:2873,0
DA:2874,0
DA:2878,0
DA:2880,0
DA:2883,1
DA:2893,1
DA:2895,1
DA:2899,1
DA:2903,1
DA:2905,1
DA:2906,0
DA:2907,0
DA:2910,1
DA:2911,1
DA:2912,1
DA:2915,1
DA:2919,1
DA:2920,1
DA:2921,1
DA:2922,1
DA:2925,1
DA:2926,0
DA:2927,0
DA:2931,1
DA:2933,1
DA:2936,0
DA:2946,0
DA:2948,0
DA:2952,0
DA:2956,0
DA:2958,0
DA:2959,0
DA:2960,0
DA:2963,0
DA:2964,0
DA:2965,0
DA:2968,0
DA:2972,0
DA:2973,0
DA:2974,0
DA:2975,0
DA:2978,0
DA:2979,0
DA:2980,0
DA:2984,0
DA:2986,0
DA:2989,0
DA:2994,0
DA:2996,0
DA:3000,0
DA:3004,0
DA:3006,0
DA:3007,0
DA:3008,0
DA:3011,0
DA:3012,0
DA:3013,0
DA:3016,0
DA:3020,0
DA:3021,0
DA:3023,0
DA:3025,0
DA:3026,0
DA:3028,0
DA:3037,0
DA:3040,0
DA:3041,0
DA:3042,0
DA:3046,0
DA:3048,0
DA:3051,0
DA:3056,0
DA:3058,0
DA:3062,0
DA:3066,0
DA:3068,0
DA:3069,0
DA:3070,0
DA:3073,0
DA:3074,0
DA:3075,0
DA:3078,0
DA:3082,0
DA:3083,0
DA:3085,0
DA:3087,0
DA:3088,0
DA:3090,0
DA:3092,0
DA:3095,0
DA:3096,0
DA:3097,0
DA:3101,0
DA:3103,0
DA:3106,0
DA:3111,0
DA:3113,0
DA:3117,0
DA:3121,0
DA:3123,0
DA:3124,0
DA:3125,0
DA:3128,0
DA:3129,0
DA:3130,0
DA:3133,0
DA:3137,0
DA:3138,0
DA:3141,0
DA:3142,0
DA:3143,0
DA:3147,0
DA:3149,0
DA:3152,0
DA:3171,0
DA:3173,0
DA:3174,0
DA:3176,0
DA:3179,0
DA:3180,0
DA:3183,0
DA:3184,0
DA:3185,0
DA:3189,0
DA:3194,0
DA:3195,0
DA:3199,0
DA:3200,0
DA:3201,0
DA:3205,0
DA:3206,0
DA:3210,0
DA:3213,0
DA:3216,0
DA:3218,0
DA:3219,0
DA:3223,0
DA:3224,0
DA:3225,0
DA:3228,0
DA:3230,0
DA:3231,0
DA:3232,0
DA:3235,0
DA:3237,0
DA:3238,0
DA:3239,0
DA:3242,0
DA:3243,0
DA:3249,0
DA:3253,0
DA:3254,0
DA:3256,0
DA:3257,0
DA:3260,0
DA:3263,0
DA:3266,0
DA:3272,0
DA:3277,0
DA:3298,0
DA:3300,0
DA:3301,0
DA:3303,0
DA:3306,0
DA:3309,0
DA:3312,0
DA:3313,0
DA:3314,0
DA:3318,0
DA:3323,0
DA:3324,0
DA:3329,0
DA:3331,0
DA:3332,0
DA:3333,0
DA:3334,0
DA:3338,0
DA:3339,0
DA:3343,0
DA:3348,0
DA:3349,0
DA:3352,0
DA:3354,0
DA:3355,0
DA:3359,0
DA:3360,0
DA:3361,0
DA:3364,0
DA:3366,0
DA:3367,0
DA:3368,0
DA:3371,0
DA:3373,0
DA:3374,0
DA:3375,0
DA:3378,0
DA:3379,0
DA:3385,0
DA:3389,0
DA:3390,0
DA:3392,0
DA:3393,0
DA:3396,0
DA:3399,0
DA:3402,0
DA:3408,0
DA:3413,0
DA:3420,0
DA:3425,0
DA:3426,0
DA:3428,0
DA:3429,0
DA:3430,0
DA:3433,0
DA:3434,0
DA:3435,0
DA:3437,0
DA:3439,0
DA:3446,0
DA:3451,0
DA:3452,0
DA:3454,0
DA:3455,0
DA:3456,0
DA:3459,0
DA:3460,0
DA:3461,0
DA:3463,0
DA:3465,0
DA:3474,0
DA:3478,0
DA:3482,0
DA:3483,0
DA:3484,0
DA:3487,0
DA:3489,0
DA:3492,0
DA:3493,0
DA:3495,0
DA:3496,0
DA:3497,0
DA:3499,0
DA:3501,0
DA:3503,0
DA:3504,0
DA:3505,0
DA:3508,0
DA:3513,0
DA:3522,0
DA:3526,0
DA:3530,0
DA:3531,0
DA:3532,0
DA:3535,0
DA:3537,0
DA:3540,0
DA:3541,0
DA:3543,0
DA:3544,0
DA:3545,0
DA:3547,0
DA:3549,0
DA:3551,0
DA:3552,0
DA:3553,0
DA:3556,0
DA:3562,0
DA:3568,0
DA:3570,0
DA:3571,0
DA:3577,0
DA:3578,0
DA:3580,0
DA:3583,0
DA:3585,0
DA:3586,0
DA:3588,0
DA:3589,0
DA:3590,0
DA:3591,0
DA:3593,0
DA:3594,0
DA:3599,0
DA:3600,0
DA:3603,0
DA:3605,0
DA:3610,0
DA:3611,0
DA:3614,0
DA:3616,0
DA:3622,0
DA:3625,0
DA:3627,0
DA:3633,0
DA:3637,0
DA:3640,0
DA:3644,0
DA:3645,0
DA:3648,0
DA:3650,0
DA:3660,0
DA:3666,0
DA:3669,0
DA:3675,0
DA:3676,0
DA:3678,0
DA:3681,0
DA:3685,0
DA:3686,0
DA:3687,0
DA:3688,0
DA:3689,0
DA:3690,0
DA:3691,0
DA:3692,0
DA:3693,0
DA:3695,0
DA:3696,0
DA:3698,0
DA:3699,0
DA:3700,0
DA:3701,0
DA:3703,0
DA:3704,0
DA:3709,0
DA:3710,0
DA:3713,0
DA:3715,0
DA:3720,0
DA:3721,0
DA:3724,0
DA:3726,0
DA:3732,0
DA:3735,0
DA:3737,0
DA:3743,0
DA:3747,0
DA:3752,0
DA:3753,0
DA:3757,0
DA:3758,0
DA:3761,0
DA:3764,0
DA:3774,0
DA:3781,0
DA:3786,0
DA:3787,0
DA:3789,0
DA:3790,0
DA:3791,0
DA:3794,0
DA:3795,0
DA:3796,0
DA:3798,0
DA:3800,0
DA:3807,0
DA:3812,0
DA:3813,0
DA:3815,0
DA:3816,0
DA:3817,0
DA:3820,0
DA:3821,0
DA:3822,0
DA:3824,0
DA:3826,0
DA:3835,0
DA:3839,0
DA:3843,0
DA:3844,0
DA:3845,0
DA:3848,0
DA:3850,0
DA:3853,0
DA:3854,0
DA:3856,0
DA:3857,0
DA:3858,0
DA:3860,0
DA:3862,0
DA:3864,0
DA:3865,0
DA:3866,0
DA:3869,0
DA:3874,0
DA:3883,0
DA:3887,0
DA:3891,0
DA:3892,0
DA:3893,0
DA:3896,0
DA:3898,0
DA:3901,0
DA:3902,0
DA:3904,0
DA:3905,0
DA:3906,0
DA:3908,0
DA:3910,0
DA:3912,0
DA:3913,0
DA:3914,0
DA:3917,0
DA:3922,0
DA:3928,0
DA:3930,0
DA:3931,0
DA:3937,0
DA:3938,0
DA:3940,0
DA:3943,0
DA:3945,0
DA:3946,0
DA:3948,0
DA:3949,0
DA:3950,0
DA:3951,0
DA:3953,0
DA:3954,0
DA:3959,0
DA:3960,0
DA:3963,0
DA:3966,0
DA:3971,0
DA:3972,0
DA:3975,0
DA:3977,0
DA:3983,0
DA:3986,0
DA:3988,0
DA:3994,0
DA:3998,0
DA:4001,0
DA:4002,0
DA:4005,0
DA:4007,0
DA:4010,0
DA:4020,0
DA:4026,0
DA:4035,0
DA:4039,0
DA:4042,0
DA:4044,0
DA:4045,0
DA:4047,0
DA:4048,0
DA:4049,0
DA:4050,0
DA:4053,0
DA:4054,0
DA:4059,0
DA:4060,0
DA:4063,0
DA:4066,0
DA:4071,0
DA:4072,0
DA:4075,0
DA:4077,0
DA:4083,0
DA:4086,0
DA:4088,0
DA:4094,0
DA:4098,0
DA:4101,0
DA:4102,0
DA:4105,0
DA:4107,0
DA:4110,0
DA:4120,0
DA:4126,0
DA:4131,0
DA:4134,0
DA:4137,0
DA:4140,0
DA:4141,0
DA:4142,0
DA:4143,0
DA:4145,0
DA:4148,0
DA:4150,0
DA:4153,0
DA:4157,0
DA:4163,0
DA:4168,0
DA:4171,0
DA:4174,0
DA:4177,0
DA:4178,0
DA:4179,0
DA:4180,0
DA:4182,0
DA:4185,0
DA:4187,0
DA:4190,0
DA:4194,0
DA:4200,0
DA:4206,0
DA:4207,0
DA:4208,0
DA:4211,0
DA:4214,0
DA:4217,0
DA:4218,0
DA:4221,0
DA:4224,0
DA:4228,0
DA:4231,0
DA:4235,0
DA:4241,0
DA:4247,0
DA:4248,0
DA:4249,0
DA:4252,0
DA:4255,0
DA:4258,0
DA:4259,0
DA:4262,0
DA:4265,0
DA:4269,0
DA:4272,0
DA:4276,0
DA:4282,0
DA:4288,0
DA:4291,0
DA:4294,0
DA:4297,0
DA:4299,0
DA:4300,0
DA:4302,0
DA:4305,0
DA:4307,0
DA:4310,0
DA:4314,0
DA:4320,0
DA:4326,0
DA:4329,0
DA:4332,0
DA:4335,0
DA:4337,0
DA:4338,0
DA:4340,0
DA:4343,0
DA:4345,0
DA:4348,0
DA:4352,0
DA:4358,0
DA:4364,0
DA:4365,0
DA:4366,0
DA:4369,0
DA:4372,0
DA:4375,0
DA:4376,0
DA:4377,0
DA:4378,0
DA:4380,0
DA:4383,0
DA:4385,0
DA:4388,0
DA:4392,0
DA:4398,0
DA:4404,0
DA:4405,0
DA:4406,0
DA:4409,0
DA:4412,0
DA:4415,0
DA:4416,0
DA:4417,0
DA:4418,0
DA:4420,0
DA:4423,0
DA:4425,0
DA:4428,0
DA:4432,0
DA:4438,0
DA:4443,0
DA:4446,0
DA:4449,0
DA:4451,0
DA:4452,0
DA:4454,0
DA:4457,0
DA:4461,0
DA:4467,0
DA:4472,0
DA:4475,0
DA:4478,0
DA:4480,0
DA:4481,0
DA:4483,0
DA:4486,0
DA:4490,0
DA:4495,0
DA:4497,0
DA:4498,0
DA:4501,0
DA:4507,0
DA:4508,0
DA:4511,0
DA:4512,0
DA:4518,0
DA:4521,0
DA:4522,0
DA:4524,0
DA:4527,0
DA:4528,0
DA:4529,0
DA:4530,0
DA:4532,0
DA:4533,0
DA:4534,0
DA:4537,0
DA:4538,0
DA:4540,0
DA:4542,0
DA:4543,0
DA:4546,0
DA:4548,0
DA:4551,0
DA:4554,0
DA:4558,0
DA:4561,0
DA:4564,0
DA:4569,0
DA:4572,0
DA:4574,0
DA:4575,0
DA:4576,0
DA:4579,0
DA:4581,0
DA:4582,0
DA:4583,0
DA:4588,0
DA:4590,0
DA:4593,0
DA:4597,0
DA:4598,0
DA:4599,0
DA:4604,0
DA:4606,0
DA:4609,0
DA:4614,0
DA:4617,0
DA:4619,0
DA:4620,0
DA:4621,0
DA:4624,0
DA:4626,0
DA:4627,0
DA:4628,0
DA:4633,0
DA:4634,0
DA:4635,0
DA:4639,0
DA:4640,0
DA:4645,0
DA:4646,0
DA:4650,0
DA:4652,0
DA:4657,0
DA:4658,0
DA:4659,0
DA:4660,0
DA:4664,0
DA:4665,0
DA:4670,0
DA:4671,0
DA:4675,0
DA:4677,0
DA:4719,0
DA:4729,0
DA:4731,0
DA:4735,1
DA:4750,1
DA:4753,1
DA:4756,1
DA:4758,1
DA:4759,0
DA:4762,0
DA:4765,1
DA:4766,0
DA:4773,0
DA:4775,0
DA:4778,1
DA:4781,1
DA:4783,1
DA:4784,0
DA:4785,0
DA:4786,0
DA:4787,0
DA:4794,0
DA:4797,0
DA:4801,2
DA:4802,1
DA:4805,1
DA:4806,0
DA:4808,0
DA:4810,0
DA:4811,0
DA:4817,0
DA:4819,0
DA:4821,0
DA:4825,0
DA:4826,0
DA:4827,0
DA:4828,0
DA:4833,1
DA:4834,1
DA:4835,0
DA:4839,1
DA:4840,1
DA:4844,0
DA:4845,0
DA:4851,0
DA:4852,0
DA:4856,1
DA:4858,1
DA:4859,0
DA:4861,0
DA:4862,0
DA:4868,0
DA:4870,0
DA:4872,0
DA:4878,0
DA:4881,0
DA:4889,0
DA:4891,0
DA:4895,0
DA:4902,1
DA:4905,0
DA:4912,0
DA:4915,0
DA:4924,1
DA:4928,1
DA:4930,2
DA:4931,1
DA:4933,1
DA:4936,1
DA:4941,0
DA:4943,0
DA:4947,1
DA:4948,1
DA:4955,0
DA:4963,0
DA:4972,0
DA:4987,0
DA:4990,0
DA:4993,0
DA:4995,0
DA:4996,0
DA:4999,0
DA:5002,0
DA:5003,0
DA:5010,0
DA:5012,0
DA:5015,0
DA:5018,0
DA:5020,0
DA:5021,0
DA:5022,0
DA:5023,0
DA:5024,0
DA:5031,0
DA:5034,0
DA:5038,0
DA:5039,0
DA:5042,0
DA:5043,0
DA:5045,0
DA:5047,0
DA:5048,0
DA:5054,0
DA:5056,0
DA:5058,0
DA:5062,0
DA:5063,0
DA:5064,0
DA:5065,0
DA:5070,0
DA:5071,0
DA:5072,0
DA:5076,0
DA:5077,0
DA:5081,0
DA:5082,0
DA:5088,0
DA:5089,0
DA:5093,0
DA:5095,0
DA:5096,0
DA:5098,0
DA:5099,0
DA:5105,0
DA:5107,0
DA:5109,0
DA:5115,0
DA:5118,0
DA:5126,0
DA:5128,0
DA:5132,0
DA:5139,0
DA:5142,0
DA:5149,0
DA:5152,0
DA:5161,0
DA:5165,0
DA:5167,0
DA:5168,0
DA:5170,0
DA:5173,0
DA:5178,0
DA:5180,0
DA:5184,0
DA:5185,0
DA:5192,0
DA:5200,0
DA:5209,0
DA:5215,0
DA:5220,0
DA:5221,0
DA:5225,0
DA:5226,0
DA:5230,0
DA:5238,0
DA:5241,0
DA:5244,0
DA:5246,0
DA:5248,0
DA:5249,0
DA:5251,0
DA:5258,0
DA:5266,0
DA:5272,0
DA:5278,0
DA:5279,0
DA:5283,0
DA:5284,0
DA:5288,0
DA:5296,0
DA:5299,0
DA:5302,0
DA:5304,0
DA:5306,0
DA:5307,0
DA:5309,0
DA:5316,0
DA:5324,0
DA:5334,0
DA:5336,0
DA:5337,0
DA:5339,0
DA:5343,0
DA:5344,0
DA:5348,0
DA:5356,0
DA:5360,0
DA:5362,0
DA:5363,0
DA:5365,0
DA:5366,0
DA:5368,0
DA:5369,0
DA:5370,0
DA:5373,0
DA:5376,0
DA:5378,0
DA:5380,0
DA:5382,0
DA:5383,0
DA:5384,0
DA:5386,0
DA:5389,0
DA:5391,0
DA:5393,0
DA:5396,0
DA:5404,0
DA:5407,0
DA:5417,0
DA:5419,0
DA:5420,0
DA:5422,0
DA:5426,0
DA:5427,0
DA:5431,0
DA:5439,0
DA:5443,0
DA:5445,0
DA:5446,0
DA:5448,0
DA:5449,0
DA:5451,0
DA:5452,0
DA:5453,0
DA:5456,0
DA:5459,0
DA:5461,0
DA:5463,0
DA:5465,0
DA:5466,0
DA:5467,0
DA:5469,0
DA:5472,0
DA:5474,0
DA:5475,0
DA:5478,0
DA:5486,0
LF:1963
LH:134
end_of_record
TN:
SF:/home/runner/work/dlt-daemon/dlt-daemon/src/daemon/dlt_daemon_common.c
FN:1042,1274,dlt_daemon_application_add_v2
FN:107,122,dlt_daemon_cmp_apid_v2
FN:124,143,dlt_daemon_cmp_apid_ctid
FN:1276,1326,dlt_daemon_application_del
FN:1328,1381,dlt_daemon_application_del_v2
FN:1383,1415,dlt_daemon_application_find
FN:1417,1456,dlt_daemon_application_find_v2
FN:145,175,dlt_daemon_cmp_apid_ctid_v2
FN:1459,1549,dlt_daemon_applications_load
FN:1551,1598,dlt_daemon_applications_save
FN:1599,1644,dlt_daemon_applications_save_v2
FN:1646,1830,dlt_daemon_context_add
FN:177,196,dlt_daemon_find_users_list
FN:1832,2026,dlt_daemon_context_add_v2
FN:198,218,dlt_daemon_find_users_list_v2
FN:2065,2116,dlt_daemon_context_del
FN:2118,2170,dlt_daemon_context_del_v2
FN:2172,2207,dlt_daemon_context_find
FN:2209,2256,dlt_daemon_context_find_v2
FN:2258,2282,dlt_daemon_contexts_invalidate_fd
FN:2284,2308,dlt_daemon_contexts_invalidate_fd_v2
FN:2310,2351,dlt_daemon_contexts_clear
FN:2353,2461,dlt_daemon_contexts_load
FN:2463,2515,dlt_daemon_contexts_save
FN:2517,2567,dlt_daemon_contexts_save_v2
FN:2569,2588,dlt_daemon_configuration_save
FN:2590,2655,dlt_daemon_configuration_load
FN:2657,2716,dlt_daemon_user_send_log_level
FN:2718,2777,dlt_daemon_user_send_log_level_v2
FN:2779,2806,dlt_daemon_user_send_log_state
FN:2808,2835,dlt_daemon_user_send_log_state_v2
FN:2837,2891,dlt_daemon_control_reset_to_factory_default
FN:2893,2947,dlt_daemon_control_reset_to_factory_default_v2
FN:2949,2981,dlt_daemon_user_send_default_update
FN:2983,3015,dlt_daemon_user_send_default_update_v2
FN:3017,3071,dlt_daemon_user_send_all_log_level_update
FN:3073,3128,dlt_daemon_user_send_all_log_level_update_v2
FN:3130,3164,dlt_daemon_user_send_all_trace_status_update
FN:3166,3202,dlt_daemon_user_send_all_trace_status_update_v2
FN:3204,3232,dlt_daemon_user_send_all_log_state
FN:3234,3263,dlt_daemon_user_send_all_log_state_v2
FN:3265,3289,dlt_daemon_change_state
FN:413,468,dlt_daemon_init_runtime_configuration
FN:470,528,dlt_daemon_init
FN:530,566,dlt_daemon_free
FN:568,619,dlt_daemon_init_user_information
FN:621,645,dlt_daemon_applications_invalidate_fd
FN:647,671,dlt_daemon_applications_invalidate_fd_v2
FN:673,713,dlt_daemon_applications_clear
FN:715,757,dlt_daemon_applications_clear_v2
FN:759,784,dlt_daemon_application_reset_user_handle
FN:786,811,dlt_daemon_application_reset_user_handle_v2
FN:813,1040,dlt_daemon_application_add
FN:96,105,dlt_daemon_cmp_apid
FNDA:0,dlt_daemon_application_add_v2
FNDA:0,dlt_daemon_cmp_apid_v2
FNDA:164,dlt_daemon_cmp_apid_ctid
FNDA:0,dlt_daemon_application_del
FNDA:0,dlt_daemon_application_del_v2
FNDA:36,dlt_daemon_application_find
FNDA:0,dlt_daemon_application_find_v2
FNDA:0,dlt_daemon_cmp_apid_ctid_v2
FNDA:1,dlt_daemon_applications_load
FNDA:0,dlt_daemon_applications_save
FNDA:0,dlt_daemon_applications_save_v2
FNDA:15,dlt_daemon_context_add
FNDA:118,dlt_daemon_find_users_list
FNDA:0,dlt_daemon_context_add_v2
FNDA:0,dlt_daemon_find_users_list_v2
FNDA:0,dlt_daemon_context_del
FNDA:0,dlt_daemon_context_del_v2
FNDA:47,dlt_daemon_context_find
FNDA:0,dlt_daemon_context_find_v2
FNDA:5,dlt_daemon_contexts_invalidate_fd
FNDA:0,dlt_daemon_contexts_invalidate_fd_v2
FNDA:1,dlt_daemon_contexts_clear
FNDA:0,dlt_daemon_contexts_load
FNDA:0,dlt_daemon_contexts_save
FNDA:0,dlt_daemon_contexts_save_v2
FNDA:0,dlt_daemon_configuration_save
FNDA:1,dlt_daemon_configuration_load
FNDA:15,dlt_daemon_user_send_log_level
FNDA:0,dlt_daemon_user_send_log_level_v2
FNDA:2,dlt_daemon_user_send_log_state
FNDA:0,dlt_daemon_user_send_log_state_v2
FNDA:0,dlt_daemon_control_reset_to_factory_default
FNDA:0,dlt_daemon_control_reset_to_factory_default_v2
FNDA:0,dlt_daemon_user_send_default_update
FNDA:0,dlt_daemon_user_send_default_update_v2
FNDA:0,dlt_daemon_user_send_all_log_level_update
FNDA:0,dlt_daemon_user_send_all_log_level_update_v2
FNDA:0,dlt_daemon_user_send_all_trace_status_update
FNDA:0,dlt_daemon_user_send_all_trace_status_update_v2
FNDA:1,dlt_daemon_user_send_all_log_state
FNDA:0,dlt_daemon_user_send_all_log_state_v2
FNDA:2,dlt_daemon_change_state
FNDA:1,dlt_daemon_init_runtime_configuration
FNDA:10,dlt_daemon_init
FNDA:1,dlt_daemon_free
FNDA:11,dlt_daemon_init_user_information
FNDA:5,dlt_daemon_applications_invalidate_fd
FNDA:0,dlt_daemon_applications_invalidate_fd_v2
FNDA:1,dlt_daemon_applications_clear
FNDA:0,dlt_daemon_applications_clear_v2
FNDA:3,dlt_daemon_application_reset_user_handle
FNDA:0,dlt_daemon_application_reset_user_handle_v2
FNDA:4,dlt_daemon_application_add
FNDA:0,dlt_daemon_cmp_apid
FNF:54
FNH:21
DA:96,0
DA:98,31
DA:104,31
DA:107,0
DA:109,0
DA:115,0
DA:117,0
DA:121,0
DA:124,164
DA:126,164
DA:133,164
DA:135,164
DA:137,164
DA:138,164
DA:145,0
DA:147,0
DA:154,0
DA:156,0
DA:160,0
DA:162,0
DA:164,0
DA:167,0
DA:169,0
DA:172,0
DA:177,118
DA:181,118
DA:185,118
DA:186,0
DA:187,0
DA:190,118
DA:191,106
DA:192,106
DA:194,12
DA:195,12
DA:198,0
DA:203,0
DA:207,0
DA:208,0
DA:209,0
DA:212,0
DA:213,0
DA:214,0
DA:216,0
DA:217,0
DA:413,1
DA:415,1
DA:418,1
DA:422,1
DA:424,1
DA:430,1
DA:431,0
DA:432,0
DA:435,1
DA:436,1
DA:439,1
DA:443,1
DA:444,0
DA:445,0
DA:448,1
DA:449,1
DA:452,1
DA:456,1
DA:457,0
DA:458,0
DA:461,1
DA:462,1
DA:465,1
DA:467,1
DA:470,10
DA:480,10
DA:482,10
DA:485,10
DA:486,10
DA:488,10
DA:489,10
DA:490,10
DA:492,10
DA:494,10
DA:496,10
DA:498,10
DA:506,10
DA:507,10
DA:509,10
DA:510,10
DA:511,10
DA:514,10
DA:517,10
DA:523,10
DA:527,10
DA:530,1
DA:535,1
DA:537,1
DA:541,2
DA:542,1
DA:544,1
DA:546,1
DA:547,1
DA:551,1
DA:559,1
DA:560,1
DA:563,1
DA:565,1
DA:568,11
DA:576,11
DA:578,11
DA:581,11
DA:583,11
DA:585,11
DA:586,0
DA:587,0
DA:590,11
DA:591,11
DA:592,11
DA:593,11
DA:596,0
DA:599,0
DA:601,0
DA:602,0
DA:603,0
DA:606,0
DA:607,0
DA:608,0
DA:609,0
DA:611,0
DA:612,0
DA:613,0
DA:614,0
DA:621,5
DA:629,5
DA:631,5
DA:634,5
DA:636,5
DA:637,10
DA:638,5
DA:639,0
DA:647,0
DA:655,0
DA:657,0
DA:659,0
DA:660,0
DA:662,0
DA:663,0
DA:664,0
DA:665,0
DA:673,1
DA:678,1
DA:680,1
DA:683,1
DA:685,1
DA:688,2
DA:689,1
DA:702,1
DA:703,1
DA:706,1
DA:707,1
DA:709,1
DA:710,1
DA:712,1
DA:715,0
DA:720,0
DA:722,0
DA:725,0
DA:727,0
DA:729,0
DA:732,0
DA:733,0
DA:746,0
DA:747,0
DA:750,0
DA:751,0
DA:753,0
DA:754,0
DA:756,0
DA:759,3
DA:767,3
DA:770,0
DA:771,0
DA:772,0
DA:773,0
DA:774,0
DA:775,0
DA:779,0
DA:780,0
DA:782,0
DA:783,0
DA:786,0
DA:794,0
DA:797,0
DA:798,0
DA:799,0
DA:800,0
DA:801,0
DA:802,0
DA:806,0
DA:807,0
DA:809,0
DA:810,0
DA:813,4
DA:832,4
DA:835,4
DA:837,4
DA:840,4
DA:841,4
DA:842,4
DA:844,4
DA:851,4
DA:853,4
DA:854,4
DA:856,4
DA:857,4
DA:859,0
DA:860,0
DA:861,0
DA:862,0
DA:865,0
DA:866,0
DA:867,0
DA:868,0
DA:871,0
DA:873,0
DA:874,0
DA:878,4
DA:880,4
DA:881,4
DA:882,4
DA:883,4
DA:884,4
DA:885,4
DA:894,0
DA:897,0
DA:905,4
DA:906,0
DA:907,0
DA:910,4
DA:911,4
DA:913,4
DA:914,4
DA:916,0
DA:917,0
DA:918,0
DA:922,4
DA:923,3
DA:924,3
DA:928,4
DA:945,3
DA:946,0
DA:951,3
DA:952,0
DA:953,0
DA:961,3
DA:962,3
DA:964,3
DA:965,3
DA:966,3
DA:970,4
DA:971,4
DA:972,4
DA:977,4
DA:1042,0
DA:1063,0
DA:1064,0
DA:1067,0
DA:1069,0
DA:1072,0
DA:1073,0
DA:1074,0
DA:1076,0
DA:1083,0
DA:1085,0
DA:1086,0
DA:1088,0
DA:1089,0
DA:1091,0
DA:1092,0
DA:1093,0
DA:1094,0
DA:1097,0
DA:1098,0
DA:1099,0
DA:1100,0
DA:1103,0
DA:1106,0
DA:1110,0
DA:1112,0
DA:1113,0
DA:1114,0
DA:1115,0
DA:1116,0
DA:1117,0
DA:1118,0
DA:1119,0
DA:1127,0
DA:1130,0
DA:1138,0
DA:1139,0
DA:1140,0
DA:1143,0
DA:1144,0
DA:1146,0
DA:1147,0
DA:1149,0
DA:1150,0
DA:1151,0
DA:1155,0
DA:1156,0
DA:1157,0
DA:1161,0
DA:1179,0
DA:1180,0
DA:1181,0
DA:1186,0
DA:1187,0
DA:1188,0
DA:1196,0
DA:1197,0
DA:1199,0
DA:1200,0
DA:1201,0
DA:1205,0
DA:1206,0
DA:1207,0
DA:1211,0
DA:1273,0
DA:1276,0
DA:1284,0
DA:1286,0
DA:1289,0
DA:1291,0
DA:1294,0
DA:1295,0
DA:1298,0
DA:1299,0
DA:1300,0
DA:1310,0
DA:1313,0
DA:1314,0
DA:1315,0
DA:1318,0
DA:1322,0
DA:1328,0
DA:1337,0
DA:1339,0
DA:1342,0
DA:1344,0
DA:1347,0
DA:1348,0
DA:1351,0
DA:1352,0
DA:1353,0
DA:1363,0
DA:1366,0
DA:1367,0
DA:1368,0
DA:1372,0
DA:1377,0
DA:1383,36
DA:1391,36
DA:1393,36
DA:1394,36
DA:1397,36
DA:1399,36
DA:1403,31
DA:1404,31
DA:1405,31
DA:1409,31
DA:1410,31
DA:1411,31
DA:1412,31
DA:1417,0
DA:1426,0
DA:1430,0
DA:1431,0
DA:1432,0
DA:1434,0
DA:1435,0
DA:1438,0
DA:1440,0
DA:1441,0
DA:1442,0
DA:1445,0
DA:1446,0
DA:1449,0
DA:1450,0
DA:1451,0
DA:1455,0
DA:1459,1
DA:1467,1
DA:1469,1
DA:1472,1
DA:1474,1
DA:1475,1
DA:1479,1
DA:1481,1
DA:1484,0
DA:1491,0
DA:1494,0
DA:1495,0
DA:1498,0
DA:1499,0
DA:1500,0
DA:1502,0
DA:1504,0
DA:1505,0
DA:1508,0
DA:1511,0
DA:1512,0
DA:1516,0
DA:1518,0
DA:1520,0
DA:1521,0
DA:1522,0
DA:1524,0
DA:1527,0
DA:1532,0
DA:1534,0
DA:1538,0
DA:1539,0
DA:1546,0
DA:1548,0
DA:1551,0
DA:1559,0
DA:1561,0
DA:1566,0
DA:1568,0
DA:1571,0
DA:1572,0
DA:1574,0
DA:1575,0
DA:1576,0
DA:1578,0
DA:1579,0
DA:1588,0
DA:1591,0
DA:1599,0
DA:1607,0
DA:1609,0
DA:1612,0
DA:1614,0
DA:1617,0
DA:1618,0
DA:1620,0
DA:1621,0
DA:1622,0
DA:1624,0
DA:1625,0
DA:1634,0
DA:1637,0
DA:1646,15
DA:1663,15
DA:1665,15
DA:1666,15
DA:1669,15
DA:1672,15
DA:1675,15
DA:1677,15
DA:1680,15
DA:1681,4
DA:1683,4
DA:1688,15
DA:1690,15
DA:1694,15
DA:1696,15
DA:1697,15
DA:1699,15
DA:1700,15
DA:1702,0
DA:1703,0
DA:1704,0
DA:1708,0
DA:1709,0
DA:1710,0
DA:1711,0
DA:1714,0
DA:1716,0
DA:1717,0
DA:1721,15
DA:1724,15
DA:1725,15
DA:1731,15
DA:1736,15
DA:1737,0
DA:1738,0
DA:1741,15
DA:1742,15
DA:1744,15
DA:1745,15
DA:1779,15
DA:1783,0
DA:1787,0
DA:1790,0
DA:1801,15
DA:1802,0
DA:1803,15
DA:1804,15
DA:1807,15
DA:1808,15
DA:1813,15
DA:1814,0
DA:1816,15
DA:1819,15
DA:1820,15
DA:1821,15
DA:1826,15
DA:1832,0
DA:1850,0
DA:1852,0
DA:1854,0
DA:1855,0
DA:1858,0
DA:1861,0
DA:1864,0
DA:1866,0
DA:1869,0
DA:1870,0
DA:1872,0
DA:1877,0
DA:1880,0
DA:1885,0
DA:1887,0
DA:1888,0
DA:1889,0
DA:1890,0
DA:1892,0
DA:1893,0
DA:1894,0
DA:1898,0
DA:1899,0
DA:1900,0
DA:1901,0
DA:1904,0
DA:1907,0
DA:1910,0
DA:1913,0
DA:1914,0
DA:1917,0
DA:1918,0
DA:1919,0
DA:1920,0
DA:1921,0
DA:1922,0
DA:1923,0
DA:1925,0
DA:1926,0
DA:1928,0
DA:1933,0
DA:1934,0
DA:1935,0
DA:1938,0
DA:1939,0
DA:1941,0
DA:1942,0
DA:1976,0
DA:1980,0
DA:1984,0
DA:1987,0
DA:1998,0
DA:1999,0
DA:2000,0
DA:2001,0
DA:2004,0
DA:2005,0
DA:2010,0
DA:2011,0
DA:2013,0
DA:2016,0
DA:2017,0
DA:2018,0
DA:2023,0
DA:2065,0
DA:2074,0
DA:2076,0
DA:2079,0
DA:2081,0
DA:2084,0
DA:2085,0
DA:2091,0
DA:2092,0
DA:2093,0
DA:2096,0
DA:2099,0
DA:2100,0
DA:2101,0
DA:2104,0
DA:2108,0
DA:2111,0
DA:2112,0
DA:2118,0
DA:2128,0
DA:2130,0
DA:2133,0
DA:2135,0
DA:2138,0
DA:2139,0
DA:2145,0
DA:2146,0
DA:2147,0
DA:2150,0
DA:2153,0
DA:2154,0
DA:2155,0
DA:2158,0
DA:2162,0
DA:2165,0
DA:2166,0
DA:2172,47
DA:2181,47
DA:2183,47
DA:2184,47
DA:2187,47
DA:2189,47
DA:2193,29
DA:2194,29
DA:2195,29
DA:2199,29
DA:2200,29
DA:2202,29
DA:2203,29
DA:2204,29
DA:2209,0
DA:2220,0
DA:2222,0
DA:2223,0
DA:2226,0
DA:2228,0
DA:2231,0
DA:2232,0
DA:2235,0
DA:2236,0
DA:2237,0
DA:2238,0
DA:2239,0
DA:2240,0
DA:2242,0
DA:2243,0
DA:2245,0
DA:2246,0
DA:2247,0
DA:2252,0
DA:2253,0
DA:2255,0
DA:2258,5
DA:2266,5
DA:2268,5
DA:2271,5
DA:2273,5
DA:2274,29
DA:2275,24
DA:2276,0
DA:2284,0
DA:2292,0
DA:2294,0
DA:2296,0
DA:2297,0
DA:2299,0
DA:2300,0
DA:2301,0
DA:2302,0
DA:2310,1
DA:2315,1
DA:2317,1
DA:2320,1
DA:2322,1
DA:2325,13
DA:2326,12
DA:2327,12
DA:2328,12
DA:2330,12
DA:2331,0
DA:2332,0
DA:2334,12
DA:2335,0
DA:2336,0
DA:2340,1
DA:2341,1
DA:2342,1
DA:2345,2
DA:2346,1
DA:2348,1
DA:2350,1
DA:2353,0
DA:2362,0
DA:2364,0
DA:2367,0
DA:2369,0
DA:2370,0
DA:2373,0
DA:2375,0
DA:2378,0
DA:2385,0
DA:2388,0
DA:2389,0
DA:2392,0
DA:2393,0
DA:2394,0
DA:2396,0
DA:2398,0
DA:2399,0
DA:2402,0
DA:2405,0
DA:2406,0
DA:2410,0
DA:2412,0
DA:2414,0
DA:2415,0
DA:2416,0
DA:2418,0
DA:2419,0
DA:2420,0
DA:2422,0
DA:2423,0
DA:2424,0
DA:2426,0
DA:2427,0
DA:2428,0
DA:2430,0
DA:2434,0
DA:2437,0
DA:2438,0
DA:2442,0
DA:2444,0
DA:2447,0
DA:2448,0
DA:2458,0
DA:2460,0
DA:2463,0
DA:2471,0
DA:2473,0
DA:2476,0
DA:2478,0
DA:2484,0
DA:2485,0
DA:2487,0
DA:2488,0
DA:2489,0
DA:2490,0
DA:2492,0
DA:2493,0
DA:2494,0
DA:2495,0
DA:2496,0
DA:2499,0
DA:2500,0
DA:2501,0
DA:2504,0
DA:2507,0
DA:2517,0
DA:2526,0
DA:2528,0
DA:2531,0
DA:2533,0
DA:2536,0
DA:2537,0
DA:2539,0
DA:2540,0
DA:2541,0
DA:2542,0
DA:2544,0
DA:2545,0
DA:2546,0
DA:2547,0
DA:2548,0
DA:2551,0
DA:2552,0
DA:2553,0
DA:2556,0
DA:2559,0
DA:2569,0
DA:2573,0
DA:2575,0
DA:2578,0
DA:2580,0
DA:2582,0
DA:2584,0
DA:2590,1
DA:2592,1
DA:2601,1
DA:2603,1
DA:2605,1
DA:2608,2
DA:2609,1
DA:2610,1
DA:2611,1
DA:2613,2
DA:2614,1
DA:2617,1
DA:2619,1
DA:2623,0
DA:2624,0
DA:2627,1
DA:2630,1
DA:2632,0
DA:2633,0
DA:2634,0
DA:2638,0
DA:2648,1
DA:2651,0
DA:2657,15
DA:2664,15
DA:2666,15
DA:2667,0
DA:2668,0
DA:2671,15
DA:2672,0
DA:2673,0
DA:2676,15
DA:2677,14
DA:2678,12
DA:2681,3
DA:2682,3
DA:2684,15
DA:2685,15
DA:2687,15
DA:2689,15
DA:2690,15
DA:2691,15
DA:2692,15
DA:2693,15
DA:2698,15
DA:2699,15
DA:2703,15
DA:2704,0
DA:2706,0
DA:2708,0
DA:2709,0
DA:2710,0
DA:2711,0
DA:2715,15
DA:2718,0
DA:2723,0
DA:2725,0
DA:2727,0
DA:2728,0
DA:2729,0
DA:2732,0
DA:2733,0
DA:2734,0
DA:2737,0
DA:2738,0
DA:2739,0
DA:2742,0
DA:2743,0
DA:2745,0
DA:2746,0
DA:2748,0
DA:2750,0
DA:2753,0
DA:2754,0
DA:2759,0
DA:2760,0
DA:2764,0
DA:2765,0
DA:2767,0
DA:2769,0
DA:2770,0
DA:2771,0
DA:2772,0
DA:2773,0
DA:2776,0
DA:2779,2
DA:2785,2
DA:2787,2
DA:2790,2
DA:2793,2
DA:2796,2
DA:2800,2
DA:2801,0
DA:2802,0
DA:2805,2
DA:2808,0
DA:2814,0
DA:2816,0
DA:2819,0
DA:2822,0
DA:2825,0
DA:2829,0
DA:2830,0
DA:2831,0
DA:2834,0
DA:2837,0
DA:2847,0
DA:2849,0
DA:2850,0
DA:2851,0
DA:2854,0
DA:2855,0
DA:2856,0
DA:2860,0
DA:2862,0
DA:2864,0
DA:2865,0
DA:2866,0
DA:2867,0
DA:2871,0
DA:2873,0
DA:2875,0
DA:2876,0
DA:2877,0
DA:2878,0
DA:2882,0
DA:2883,0
DA:2884,0
DA:2890,0
DA:2893,0
DA:2903,0
DA:2905,0
DA:2906,0
DA:2907,0
DA:2910,0
DA:2911,0
DA:2912,0
DA:2916,0
DA:2918,0
DA:2920,0
DA:2921,0
DA:2922,0
DA:2923,0
DA:2927,0
DA:2929,0
DA:2931,0
DA:2932,0
DA:2933,0
DA:2934,0
DA:2938,0
DA:2939,0
DA:2940,0
DA:2946,0
DA:2949,0
DA:2955,0
DA:2957,0
DA:2958,0
DA:2959,0
DA:2962,0
DA:2964,0
DA:2967,0
DA:2968,0
DA:2970,0
DA:2971,0
DA:2972,0
DA:2973,0
DA:2974,0
DA:2977,0
DA:2983,0
DA:2989,0
DA:2991,0
DA:2992,0
DA:2993,0
DA:2996,0
DA:2998,0
DA:3001,0
DA:3002,0
DA:3004,0
DA:3005,0
DA:3006,0
DA:3007,0
DA:3008,0
DA:3011,0
DA:3017,0
DA:3027,0
DA:3029,0
DA:3032,0
DA:3034,0
DA:3037,0
DA:3038,0
DA:3040,0
DA:3041,0
DA:3042,0
DA:3044,0
DA:3055,0
DA:3056,0
DA:3060,0
DA:3063,0
DA:3065,0
DA:3066,0
DA:3067,0
DA:3073,0
DA:3083,0
DA:3085,0
DA:3088,0
DA:3090,0
DA:3093,0
DA:3094,0
DA:3096,0
DA:3097,0
DA:3098,0
DA:3100,0
DA:3112,0
DA:3113,0
DA:3117,0
DA:3120,0
DA:3122,0
DA:3123,0
DA:3124,0
DA:3130,0
DA:3136,0
DA:3138,0
DA:3141,0
DA:3143,0
DA:3146,0
DA:3148,0
DA:3149,0
DA:3151,0
DA:3152,0
DA:3153,0
DA:3155,0
DA:3156,0
DA:3158,0
DA:3159,0
DA:3160,0
DA:3166,0
DA:3172,0
DA:3174,0
DA:3177,0
DA:3179,0
DA:3182,0
DA:3184,0
DA:3185,0
DA:3187,0
DA:3188,0
DA:3189,0
DA:3191,0
DA:3192,0
DA:3194,0
DA:3196,0
DA:3198,0
DA:3204,1
DA:3210,1
DA:3212,1
DA:3213,0
DA:3214,0
DA:3217,1
DA:3219,1
DA:3222,2
DA:3223,1
DA:3225,1
DA:3226,1
DA:3227,1
DA:3228,0
DA:3234,0
DA:3240,0
DA:3242,0
DA:3243,0
DA:3244,0
DA:3247,0
DA:3249,0
DA:3252,0
DA:3253,0
DA:3255,0
DA:3256,0
DA:3257,0
DA:3258,0
DA:3265,2
DA:3267,2
DA:3268,0
DA:3269,0
DA:3270,0
DA:3271,0
DA:3272,2
DA:3273,2
DA:3274,2
DA:3275,2
DA:3276,0
DA:3277,0
DA:3278,0
DA:3279,0
DA:3280,0
DA:3281,0
DA:3282,0
DA:3283,0
DA:3284,0
DA:3285,0
DA:3286,0
DA:3287,0
DA:3289,2
LF:1073
LH:302
end_of_record
TN:
SF:/home/runner/work/dlt-daemon/dlt-daemon/src/daemon/dlt_daemon_connection.c
FN:114,140,dlt_connection_send_multiple
FN:154,160,dlt_connection_get_next
FN:162,182,dlt_connection_destroy_receiver
FN:198,272,dlt_connection_get_receiver
FN:285,339,dlt_connection_get_callback
FN:350,356,dlt_connection_destroy
FN:373,446,dlt_connection_create
FN:69,98,dlt_connection_send
FNDA:3,dlt_connection_send_multiple
FNDA:2,dlt_connection_get_next
FNDA:10,dlt_connection_destroy_receiver
FNDA:9,dlt_connection_get_receiver
FNDA:155,dlt_connection_get_callback
FNDA:9,dlt_connection_destroy
FNDA:8,dlt_connection_create
FNDA:8,dlt_connection_send
FNF:8
FNH:8
DA:69,8
DA:76,8
DA:77,8
DA:79,8
DA:80,1
DA:81,1
DA:82,1
DA:87,6
DA:88,6
DA:91,6
DA:94,6
DA:114,3
DA:123,3
DA:126,2
DA:127,1
DA:131,2
DA:132,2
DA:135,2
DA:136,2
DA:154,2
DA:156,3
DA:157,1
DA:159,2
DA:162,10
DA:164,10
DA:167,10
DA:171,1
DA:172,1
DA:173,1
DA:174,1
DA:175,1
DA:176,6
DA:177,6
DA:178,6
DA:179,6
DA:180,6
DA:198,9
DA:206,9
DA:207,4
DA:214,4
DA:216,4
DA:217,4
DA:220,1
DA:221,1
DA:223,1
DA:224,1
DA:227,1
DA:228,1
DA:232,1
DA:233,1
DA:236,0
DA:240,1
DA:241,1
DA:248,1
DA:257,1
DA:259,1
DA:260,1
DA:263,2
DA:265,2
DA:266,2
DA:271,9
DA:285,155
DA:290,155
DA:291,155
DA:293,155
DA:297,0
DA:299,0
DA:300,0
DA:302,0
DA:308,152
DA:310,152
DA:311,0
DA:313,0
DA:314,0
DA:316,0
DA:322,1
DA:324,1
DA:325,2
DA:327,2
DA:328,0
DA:330,0
DA:331,0
DA:333,0
DA:334,0
DA:338,155
DA:350,9
DA:352,9
DA:353,9
DA:354,9
DA:355,9
DA:356,9
DA:373,8
DA:381,8
DA:385,8
DA:393,8
DA:395,8
DA:396,0
DA:397,0
DA:402,8
DA:404,8
DA:405,0
DA:407,0
DA:408,0
DA:412,8
DA:413,8
DA:422,8
DA:423,3
DA:426,3
DA:427,1
DA:428,1
DA:433,7
DA:435,7
DA:437,2
DA:439,7
DA:440,7
DA:445,7
LF:116
LH:97
end_of_record
TN:
SF:/home/runner/work/dlt-daemon/dlt-daemon/src/daemon/dlt_daemon_event_handler.c
FN:111,134,dlt_event_handler_enable_fd
FN:144,170,dlt_event_handler_disable_fd
FN:184,280,dlt_daemon_handle_event
FN:293,304,dlt_event_handler_find_connection
FN:316,348,dlt_daemon_remove_connection
FN:356,372,dlt_event_handler_cleanup_connections
FN:381,391,dlt_daemon_add_connection
FN:406,449,dlt_connection_check_activate
FN:467,492,dlt_event_handler_register_connection
FN:508,542,dlt_event_handler_unregister_connection
FN:79,100,dlt_daemon_prepare_event_handling
FNDA:10,dlt_event_handler_enable_fd
FNDA:3,dlt_event_handler_disable_fd
FNDA:157,dlt_daemon_handle_event
FNDA:11,dlt_event_handler_find_connection
FNDA:8,dlt_daemon_remove_connection
FNDA:2,dlt_event_handler_cleanup_connections
FNDA:6,dlt_daemon_add_connection
FNDA:14,dlt_connection_check_activate
FNDA:10,dlt_event_handler_register_connection
FNDA:3,dlt_event_handler_unregister_connection
FNDA:8,dlt_daemon_prepare_event_handling
FNF:11
FNH:11
DA:66,122
DA:67,122
DA:68,122
DA:69,3
DA:79,8
DA:83,8
DA:86,7
DA:88,7
DA:89,0
DA:90,0
DA:93,119
DA:94,112
DA:96,7
DA:97,7
DA:99,7
DA:111,10
DA:113,10
DA:115,2
DA:116,2
DA:118,2
DA:119,0
DA:121,0
DA:124,2
DA:125,2
DA:127,2
DA:128,0
DA:131,10
DA:132,10
DA:133,10
DA:144,3
DA:148,3
DA:150,10
DA:151,7
DA:153,3
DA:154,3
DA:157,7
DA:158,4
DA:161,3
DA:162,0
DA:163,0
DA:164,0
DA:170,3
DA:184,157
DA:192,157
DA:195,156
DA:197,156
DA:201,1
DA:204,1
DA:205,0
DA:207,1
DA:210,778
DA:215,624
DA:216,469
DA:218,155
DA:220,155
DA:221,155
DA:222,155
DA:225,0
DA:226,0
DA:230,155
DA:233,0
DA:238,0
DA:240,0
DA:244,0
DA:253,155
DA:254,155
DA:256,155
DA:257,0
DA:260,0
DA:264,155
DA:268,1
DA:293,11
DA:295,167
DA:297,193
DA:298,184
DA:299,2
DA:300,26
DA:316,8
DA:319,8
DA:322,8
DA:326,13
DA:328,5
DA:331,8
DA:333,0
DA:334,0
DA:336,8
DA:338,6
DA:341,2
DA:345,8
DA:347,8
DA:356,2
DA:360,2
DA:364,7
DA:366,5
DA:368,6
DA:369,4
DA:371,2
DA:381,6
DA:385,11
DA:387,25
DA:388,14
DA:390,11
DA:391,6
DA:406,14
DA:410,14
DA:411,1
DA:412,1
DA:415,13
DA:416,3
DA:418,3
DA:419,3
DA:421,3
DA:423,3
DA:424,0
DA:426,3
DA:430,10
DA:432,10
DA:433,10
DA:435,10
DA:436,10
DA:439,10
DA:443,0
DA:444,0
DA:445,0
DA:467,10
DA:472,10
DA:473,1
DA:474,1
DA:477,4
DA:479,9
DA:481,0
DA:484,9
DA:486,9
DA:487,9
DA:489,9
DA:508,3
DA:512,3
DA:518,2
DA:520,3
DA:521,1
DA:522,1
DA:525,2
DA:527,0
DA:529,0
DA:530,0
DA:531,0
DA:535,2
DA:538,0
DA:541,2
LF:149
LH:120
end_of_record
TN:
SF:/home/runner/work/dlt-daemon/dlt-daemon/src/daemon/dlt_daemon_offline_logstorage.c
FN:1089,1161,dlt_daemon_logstorage_reset_application_loglevel
FN:1176,1235,dlt_daemon_logstorage_update_application_loglevel
FN:121,147,dlt_logstorage_split_apid_ctid
FN:1250,1309,dlt_daemon_logstorage_update_application_loglevel_v2
FN:1323,1372,dlt_daemon_logstorage_get_loglevel
FN:1391,1461,dlt_daemon_logstorage_write
FN:1474,1512,dlt_daemon_logstorage_setup_internal_storage
FN:1514,1518,dlt_daemon_logstorage_set_logstorage_cache_size
FN:1520,1553,dlt_daemon_logstorage_cleanup
FN:1555,1615,dlt_daemon_logstorage_sync_cache
FN:161,190,dlt_logstorage_split_ecuid_apid
FN:1617,1647,dlt_daemon_logstorage_get_device
[...]
DA:4006,6
DA:4011,0
DA:4013,0
DA:4014,0
DA:4017,0
DA:4021,0
DA:4024,0
DA:4025,0
DA:4026,0
DA:4029,0
DA:4030,0
DA:4031,0
DA:4033,0
DA:4038,0
DA:4040,0
DA:4043,9
DA:4046,9
DA:4047,1
DA:4048,1
DA:4051,8
DA:4053,8
DA:4056,8
DA:4057,8
DA:4058,8
DA:4061,8
DA:4063,8
DA:4066,13775
DA:4068,13775
DA:4071,19123
DA:4084,19123
DA:4087,19055
DA:4089,0
DA:4090,0
DA:4094,19055
DA:4095,19055
DA:4096,19055
DA:4099,19055
DA:4100,0
DA:4103,0
DA:4104,0
DA:4108,19055
DA:4109,0
DA:4110,19055
DA:4113,19055
DA:4116,19065
DA:4118,10
DA:4124,10
DA:4125,10
DA:4128,10
DA:4129,0
DA:4130,10
DA:4133,10
DA:4139,19055
DA:4140,19055
DA:4143,19055
DA:4145,19055
DA:4146,19055
DA:4148,19055
DA:4149,5283
DA:4151,19055
DA:4152,4031
DA:4155,19055
DA:4156,19055
DA:4158,19055
DA:4162,55
DA:4166,55
DA:4170,55
DA:4173,38
DA:4175,0
DA:4176,0
DA:4180,38
DA:4181,38
DA:4182,38
DA:4185,38
DA:4186,3
DA:4189,3
DA:4190,3
DA:4194,35
DA:4195,22
DA:4196,1
DA:4199,1
DA:4202,22
DA:4206,13
DA:4207,12
DA:4209,1
DA:4212,13
DA:4213,1
DA:4216,1
DA:4217,1
DA:4221,12
DA:4224,12
DA:4225,1
DA:4226,1
DA:4227,1
DA:4230,11
DA:4231,0
DA:4232,0
DA:4233,0
DA:4237,11
DA:4238,1
DA:4241,1
DA:4242,1
DA:4246,10
DA:4247,1
DA:4253,10
DA:4255,9
DA:4257,9
DA:4259,3
DA:4262,1
DA:4264,1
DA:4265,1
DA:4267,0
DA:4271,4
DA:4272,4
DA:4274,4
DA:4276,3
DA:4279,10
DA:4282,8
DA:4284,8
DA:4287,8
DA:4289,8
DA:4292,3
DA:4294,3
DA:4297,2
DA:4300,2
DA:4301,1
DA:4302,1
DA:4305,1
DA:4307,1
DA:4310,2
DA:4315,2
DA:4316,1
DA:4317,1
DA:4321,1
DA:4324,1
DA:4325,1
DA:4326,1
DA:4328,1
DA:4333,3
DA:4336,3
DA:4339,2
DA:4342,2503
DA:4347,2503
DA:4351,2502
DA:4354,2502
DA:4355,2502
DA:4356,2502
DA:4358,2502
DA:4361,2501
DA:4362,2501
DA:4364,0
DA:4367,8910
DA:4370,8910
DA:4374,8910
DA:4377,8910
DA:4382,0
DA:4387,0
DA:4390,0
DA:4399,0
DA:4411,0
DA:4417,0
DA:4423,0
DA:4424,0
DA:4429,0
DA:4430,0
DA:4435,0
DA:4436,0
DA:4440,0
DA:4449,0
DA:4454,0
DA:4460,0
DA:4463,0
DA:4465,0
DA:4468,0
DA:4470,0
DA:4473,0
DA:4475,0
DA:4478,0
DA:4480,0
DA:4483,0
DA:4485,0
DA:4488,0
DA:4490,0
DA:4493,0
DA:4495,0
DA:4498,0
DA:4500,0
DA:4503,0
DA:4505,0
DA:4508,0
DA:4510,0
DA:4513,0
DA:4515,0
DA:4518,0
DA:4520,0
DA:4523,0
DA:4525,0
DA:4528,0
DA:4530,0
DA:4533,0
DA:4541,0
DA:4544,0
DA:4546,0
DA:4549,0
DA:4551,0
DA:4554,0
DA:4556,0
DA:4559,0
DA:4561,0
DA:4564,0
DA:4566,0
DA:4569,0
DA:4571,0
DA:4574,0
DA:4576,0
DA:4579,0
DA:4581,0
DA:4584,0
DA:4587,0
DA:4590,0
DA:4594,0
DA:4597,0
DA:4601,0
DA:4604,0
DA:4608,0
DA:4611,0
DA:4622,0
DA:4630,6
DA:4632,6
DA:4633,0
DA:4634,0
DA:4655,9
DA:4657,9
DA:4658,0
DA:4659,0
DA:4665,9
DA:4667,9
DA:4668,0
DA:4669,0
DA:4676,6038
DA:4686,6038
DA:4687,6038
DA:4695,328
DA:4697,328
DA:4700,316
DA:4702,316
DA:4704,316
DA:4707,12
DA:4709,12
DA:4712,0
DA:4714,0
DA:4716,0
DA:4719,328
DA:4721,328
DA:4724,316
DA:4726,316
DA:4728,316
DA:4730,316
DA:4732,316
DA:4735,12
DA:4737,12
DA:4740,0
DA:4742,0
DA:4744,0
DA:4746,0
DA:4748,0
DA:4751,328
DA:4753,328
DA:4756,316
DA:4758,316
DA:4760,316
DA:4762,316
DA:4764,316
DA:4767,12
DA:4769,12
DA:4772,0
DA:4774,0
DA:4776,0
DA:4778,0
DA:4780,0
DA:4783,328
DA:4785,328
DA:4788,316
DA:4790,316
DA:4792,316
DA:4794,316
DA:4796,316
DA:4799,12
DA:4801,12
DA:4804,0
DA:4806,0
DA:4808,0
DA:4810,0
DA:4812,0
DA:4815,328
DA:4817,328
DA:4820,316
DA:4822,316
DA:4824,316
DA:4827,316
DA:4829,316
DA:4832,2991
DA:4842,2991
DA:4857,2976
DA:4858,2976
DA:4859,2976
DA:4860,2976
DA:4876,2976
DA:4877,1269
DA:4879,1269
DA:4880,1269
DA:4882,1269
DA:4885,1269
DA:4888,0
DA:4891,1269
DA:4892,0
DA:4894,0
DA:4897,0
DA:4899,0
DA:4902,0
DA:4904,0
DA:4905,0
DA:4906,0
DA:4907,0
DA:4911,0
DA:4912,0
DA:4915,1269
DA:4917,1269
DA:4920,1707
DA:4923,112
DA:4924,0
DA:4926,0
DA:4929,0
DA:4931,0
DA:4934,0
DA:4936,0
DA:4937,0
DA:4938,0
DA:4939,0
DA:4943,0
DA:4944,0
DA:4948,112
DA:4950,112
DA:4953,110
DA:4955,1595
DA:4957,0
DA:4958,0
DA:4960,0
DA:4961,0
DA:4963,0
DA:4966,0
DA:4967,0
DA:4970,0
DA:4976,0
DA:4977,0
DA:4979,0
DA:4980,0
DA:4982,0
DA:4985,0
DA:4986,0
DA:4989,0
DA:4995,1595
DA:4997,0
DA:4998,0
DA:5000,0
DA:5003,0
DA:5006,0
DA:5007,0
DA:5009,0
DA:5012,0
DA:5015,0
DA:5016,0
DA:5018,0
DA:5024,0
DA:5025,0
DA:5026,0
DA:5028,0
DA:5032,0
DA:5033,0
DA:5035,0
DA:5038,0
DA:5039,0
DA:5042,1595
DA:5045,1468
DA:5046,0
DA:5048,0
DA:5051,0
DA:5052,0
DA:5054,0
DA:5057,0
DA:5059,0
DA:5062,0
DA:5064,0
DA:5065,0
DA:5066,0
DA:5067,0
DA:5071,0
DA:5072,0
DA:5074,0
DA:5079,0
DA:5081,0
DA:5082,0
DA:5085,1468
DA:5086,0
DA:5088,0
DA:5091,0
DA:5092,0
DA:5096,0
DA:5099,0
DA:5100,0
DA:5101,0
DA:5103,0
DA:5105,0
DA:5108,0
DA:5109,0
DA:5110,0
DA:5112,0
DA:5114,0
DA:5117,0
DA:5118,0
DA:5119,0
DA:5128,1468
DA:5129,14
DA:5131,14
DA:5133,7
DA:5135,7
DA:5138,7
DA:5142,7
DA:5144,7
DA:5147,7
DA:5152,21
DA:5154,21
DA:5157,7
DA:5159,7
DA:5162,7
DA:5163,7
DA:5168,14
DA:5170,14
DA:5173,14
DA:5174,14
DA:5179,1419
DA:5181,1419
DA:5184,287
DA:5186,287
DA:5189,287
DA:5195,1132
DA:5197,1132
DA:5200,1132
DA:5206,14
DA:5208,14
DA:5211,7
DA:5213,7
DA:5216,7
DA:5226,7
DA:5228,7
DA:5231,7
DA:5241,0
DA:5243,0
DA:5244,0
DA:5246,0
DA:5249,0
DA:5250,0
DA:5251,0
DA:5259,127
DA:5262,14
DA:5263,0
DA:5265,0
DA:5268,0
DA:5269,0
DA:5271,0
DA:5274,0
DA:5276,0
DA:5279,0
DA:5281,0
DA:5282,0
DA:5283,0
DA:5284,0
DA:5288,0
DA:5289,0
DA:5291,0
DA:5296,0
DA:5298,0
DA:5299,0
DA:5302,14
DA:5303,0
DA:5305,0
DA:5306,0
DA:5308,0
DA:5311,0
DA:5312,0
DA:5313,0
DA:5315,0
DA:5317,0
DA:5318,0
DA:5320,0
DA:5323,0
DA:5324,0
DA:5325,0
DA:5334,7
DA:5336,7
DA:5341,7
DA:5343,7
DA:5359,7
DA:5361,7
DA:5366,7
DA:5381,0
DA:5383,0
DA:5384,0
DA:5386,0
DA:5389,0
DA:5390,0
DA:5391,0
DA:5399,113
DA:5402,112
DA:5404,112
DA:5407,110
DA:5409,110
DA:5410,0
DA:5412,0
DA:5415,0
DA:5417,0
DA:5420,0
DA:5422,0
DA:5423,0
DA:5424,0
DA:5425,0
DA:5429,0
DA:5430,0
DA:5433,110
DA:5436,9
DA:5438,9
DA:5439,9
DA:5441,1
DA:5444,0
DA:5446,0
DA:5449,0
DA:5451,0
DA:5453,0
DA:5459,2870
DA:5460,0
DA:5461,0
DA:5465,2870
DA:5466,0
DA:5468,0
DA:5470,0
DA:5471,0
DA:5479,16
DA:5489,16
DA:5504,1
DA:5505,1
DA:5506,1
DA:5507,1
DA:5523,1
DA:5524,0
DA:5527,0
DA:5528,0
DA:5530,0
DA:5536,0
DA:5539,0
DA:5540,0
DA:5542,0
DA:5547,0
DA:5550,0
DA:5552,0
DA:5553,0
DA:5554,0
DA:5555,0
DA:5559,0
DA:5560,0
DA:5563,0
DA:5565,0
DA:5568,1
DA:5571,0
DA:5572,0
DA:5574,0
DA:5579,0
DA:5582,0
DA:5584,0
DA:5585,0
DA:5586,0
DA:5587,0
DA:5591,0
DA:5592,0
DA:5596,0
DA:5598,0
DA:5601,0
DA:5603,1
DA:5605,0
DA:5606,0
DA:5608,0
DA:5609,0
DA:5611,0
DA:5614,0
DA:5615,0
DA:5618,0
DA:5624,0
DA:5625,0
DA:5627,0
DA:5628,0
DA:5630,0
DA:5633,0
DA:5634,0
DA:5637,0
DA:5643,1
DA:5645,0
DA:5646,0
DA:5648,0
DA:5651,0
DA:5654,0
DA:5655,0
DA:5657,0
DA:5660,0
DA:5663,0
DA:5664,0
DA:5665,0
DA:5671,0
DA:5672,0
DA:5673,0
DA:5675,0
DA:5679,0
DA:5680,0
DA:5682,0
DA:5685,0
DA:5686,0
DA:5689,1
DA:5692,0
DA:5693,0
DA:5695,0
DA:5699,0
DA:5701,0
DA:5706,0
DA:5709,0
DA:5711,0
DA:5712,0
DA:5713,0
DA:5714,0
DA:5718,0
DA:5719,0
DA:5721,0
DA:5726,0
DA:5728,0
DA:5729,0
DA:5732,0
DA:5733,0
DA:5735,0
DA:5738,0
DA:5739,0
DA:5743,0
DA:5746,0
DA:5747,0
DA:5748,0
DA:5750,0
DA:5752,0
DA:5755,0
DA:5756,0
DA:5757,0
DA:5759,0
DA:5761,0
DA:5764,0
DA:5765,0
DA:5766,0
DA:5775,0
DA:5776,0
DA:5778,0
DA:5780,0
DA:5782,0
DA:5785,0
DA:5789,0
DA:5791,0
DA:5794,0
DA:5799,0
DA:5801,0
DA:5804,0
DA:5806,0
DA:5810,0
DA:5815,0
DA:5817,0
DA:5821,0
DA:5826,0
DA:5828,0
DA:5831,0
DA:5833,0
DA:5842,0
DA:5844,0
DA:5853,0
DA:5855,0
DA:5858,0
DA:5860,0
DA:5873,0
DA:5875,0
DA:5888,0
DA:5890,0
DA:5891,0
DA:5893,0
DA:5896,0
DA:5897,0
DA:5898,0
DA:5906,1
DA:5909,0
DA:5910,0
DA:5912,0
DA:5916,0
DA:5918,0
DA:5923,0
DA:5926,0
DA:5928,0
DA:5929,0
DA:5930,0
DA:5931,0
DA:5935,0
DA:5936,0
DA:5938,0
DA:5943,0
DA:5945,0
DA:5946,0
DA:5949,0
DA:5950,0
DA:5952,0
DA:5953,0
DA:5955,0
DA:5958,0
DA:5959,0
DA:5960,0
DA:5962,0
DA:5964,0
DA:5965,0
DA:5967,0
DA:5970,0
DA:5971,0
DA:5972,0
DA:5981,0
DA:5983,0
DA:5990,0
DA:6006,0
DA:6008,0
DA:6028,0
DA:6030,0
DA:6031,0
DA:6033,0
DA:6036,0
DA:6037,0
DA:6038,0
DA:6046,1
DA:6049,0
DA:6051,0
DA:6056,0
DA:6057,0
DA:6059,0
DA:6064,0
DA:6067,0
DA:6069,0
DA:6070,0
DA:6071,0
DA:6072,0
DA:6076,0
DA:6077,0
DA:6080,0
DA:6083,0
DA:6085,0
DA:6086,0
DA:6088,1
DA:6091,0
DA:6093,0
DA:6098,0
DA:6100,0
DA:6107,0
DA:6108,0
DA:6109,0
DA:6113,0
DA:6114,0
DA:6116,0
DA:6118,0
DA:6119,0
DA:6127,21257
DA:6129,21257
DA:6131,21257
DA:6132,0
DA:6134,21257
DA:6136,21257
DA:6137,0
DA:6139,0
DA:6140,0
DA:6143,21257
DA:6145,21257
DA:6146,0
DA:6148,0
DA:6149,0
DA:6153,21257
DA:6155,21257
DA:6156,0
DA:6158,21257
DA:6169,21257
DA:6171,2
DA:6179,2
DA:6185,2
DA:6187,2
DA:6188,2
DA:6190,2
DA:6191,2
DA:6192,2
DA:6193,2
DA:6199,14
DA:6201,14
DA:6204,14
DA:6210,14
DA:6211,14
DA:6212,14
DA:6213,14
DA:6215,14
DA:6217,14
DA:6220,12
DA:6222,12
DA:6225,12
DA:6231,12
DA:6232,12
DA:6234,12
DA:6236,12
DA:6239,0
DA:6241,0
DA:6244,0
DA:6250,0
DA:6251,0
DA:6253,0
DA:6255,0
DA:6258,11
DA:6260,11
DA:6266,11
DA:6267,11
DA:6269,11
DA:6272,20
DA:6274,20
DA:6278,20
DA:6284,289
DA:6285,269
DA:6286,269
DA:6287,269
DA:6288,269
DA:6294,0
DA:6296,0
DA:6298,0
DA:6303,0
DA:6304,0
DA:6305,0
DA:6310,0
DA:6311,0
DA:6314,0
DA:6316,0
DA:6319,0
DA:6321,0
DA:6326,0
DA:6331,0
DA:6333,0
DA:6336,0
DA:6340,0
DA:6344,3
DA:6347,3
DA:6349,3
DA:6351,3
DA:6354,1
DA:6356,1
DA:6357,0
DA:6358,0
DA:6361,106
DA:6363,105
DA:6364,0
DA:6367,105
DA:6369,105
DA:6372,105
DA:6374,105
DA:6377,105
DA:6379,105
DA:6382,105
DA:6384,0
DA:6386,0
DA:6387,0
DA:6390,105
DA:6393,105
DA:6398,105
DA:6401,105
DA:6407,105
DA:6408,105
DA:6410,105
DA:6412,105
DA:6415,1
DA:6416,1
DA:6420,0
DA:6425,0
DA:6427,0
DA:6431,0
DA:6433,0
DA:6435,0
DA:6438,0
DA:6439,0
DA:6441,0
DA:6443,0
DA:6444,0
DA:6446,0
DA:6449,0
DA:6451,0
DA:6454,0
DA:6457,0
DA:6458,0
DA:6460,0
DA:6461,0
DA:6462,0
DA:6465,0
DA:6469,0
DA:6471,0
DA:6473,0
DA:6477,0
DA:6478,0
DA:6482,0
DA:6483,0
DA:6486,5
DA:6488,5
DA:6489,0
DA:6490,0
DA:6493,5
DA:6494,5
DA:6497,6
DA:6498,6
DA:6500,6
DA:6501,6
DA:6502,5
DA:6504,5
DA:6505,0
DA:6507,5
DA:6508,5
DA:6509,5
LF:2627
LH:1202
end_of_record
TN:
SF:/home/runner/work/dlt-daemon/dlt-daemon/src/shared/dlt_config_file_parser.c
FN:122,160,dlt_config_file_set_section
FN:172,223,dlt_config_file_set_section_data
FN:252,270,dlt_config_file_get_section_name_from_string
FN:282,310,dlt_config_file_get_key_value
FN:322,345,dlt_config_file_read_line
FN:355,397,dlt_config_file_read_file
FN:408,426,dlt_config_file_find_section
FN:429,461,dlt_config_file_init
FN:463,490,dlt_config_file_release
FN:492,503,dlt_config_file_get_section_name
FN:505,517,dlt_config_file_get_num_sections
FN:519,554,dlt_config_file_get_value
FN:52,68,dlt_config_file_trim_line
FN:556,569,dlt_config_file_check_section_name_exists
FN:96,111,dlt_config_file_is_section_name
FNDA:19,dlt_config_file_set_section
FNDA:156,dlt_config_file_set_section_data
FNDA:19,dlt_config_file_get_section_name_from_string
FNDA:156,dlt_config_file_get_key_value
FNDA:175,dlt_config_file_read_line
FNDA:8,dlt_config_file_read_file
FNDA:251,dlt_config_file_find_section
FNDA:8,dlt_config_file_init
FNDA:8,dlt_config_file_release
FNDA:19,dlt_config_file_get_section_name
FNDA:8,dlt_config_file_get_num_sections
FNDA:248,dlt_config_file_get_value
FNDA:175,dlt_config_file_trim_line
FNDA:3,dlt_config_file_check_section_name_exists
FNDA:19,dlt_config_file_is_section_name
FNF:15
FNH:15
DA:52,175
DA:54,175
DA:60,3046
DA:61,2871
DA:63,2871
DA:64,2696
DA:67,175
DA:80,186
DA:96,19
DA:100,19
DA:103,85
DA:104,66
DA:106,66
DA:122,19
DA:124,19
DA:127,19
DA:128,0
DA:129,0
DA:133,19
DA:134,0
DA:135,0
DA:138,19
DA:141,19
DA:143,19
DA:144,0
DA:145,0
DA:148,19
DA:150,19
DA:151,0
DA:152,0
DA:153,0
DA:154,0
DA:158,19
DA:159,19
DA:172,156
DA:176,156
DA:179,156
DA:180,156
DA:182,156
DA:183,0
DA:184,0
DA:188,156
DA:190,156
DA:192,19
DA:194,19
DA:195,0
DA:196,0
DA:199,19
DA:202,137
DA:204,715
DA:205,578
DA:208,137
DA:210,137
DA:211,0
DA:212,0
DA:216,156
DA:217,156
DA:218,156
DA:220,156
DA:222,156
DA:237,175
DA:252,19
DA:257,19
DA:260,189
DA:261,189
DA:262,19
DA:263,170
DA:266,151
DA:282,156
DA:288,156
DA:291,156
DA:293,156
DA:295,156
DA:300,156
DA:302,156
DA:304,156
DA:309,156
DA:322,175
DA:324,175
DA:334,19
DA:341,156
DA:355,8
DA:358,8
DA:359,8
DA:360,8
DA:365,202
DA:366,186
DA:369,11
DA:370,11
DA:373,175
DA:376,175
DA:378,175
DA:379,19
DA:382,19
DA:386,156
DA:388,156
DA:389,156
DA:392,0
DA:393,0
DA:397,8
DA:408,251
DA:413,251
DA:414,0
DA:415,0
DA:418,1178
DA:419,1175
DA:421,1175
DA:422,248
DA:429,8
DA:434,8
DA:435,0
DA:436,0
DA:439,8
DA:441,8
DA:442,0
DA:443,0
DA:446,8
DA:449,8
DA:450,0
DA:451,0
DA:452,0
DA:455,8
DA:458,8
DA:460,8
DA:463,8
DA:467,8
DA:468,8
DA:470,27
DA:471,19
DA:472,19
DA:473,19
DA:475,19
DA:476,19
DA:478,175
DA:480,156
DA:481,156
DA:482,156
DA:483,156
DA:487,8
DA:488,8
DA:490,8
DA:492,19
DA:496,19
DA:499,19
DA:500,19
DA:502,19
DA:505,8
DA:507,8
DA:514,8
DA:516,8
DA:519,248
DA:527,248
DA:533,248
DA:535,248
DA:538,248
DA:540,248
DA:542,1557
DA:543,1462
DA:544,153
DA:545,153
DA:548,1309
DA:552,95
DA:553,95
DA:556,3
DA:561,3
DA:564,3
DA:565,3
LF:167
LH:140
end_of_record
TN:
SF:/home/runner/work/dlt-daemon/dlt-daemon/src/shared/dlt_log.c
FN:116,127,dlt_log_init_single_logfile
FN:129,162,dlt_log_init_multiple_logfiles
FN:164,189,dlt_user_printf
FN:191,265,dlt_log
FN:267,286,dlt_vlog
FN:288,313,dlt_vnlog
FN:315,323,dlt_log_multiple_files_write
FN:325,334,dlt_log_free
FN:336,341,dlt_log_free_single_logfile
FN:343,349,dlt_log_free_multiple_logfiles
FN:351,354,dlt_is_log_in_multiple_files_active
FN:55,65,dlt_log_set_filename
FN:67,78,dlt_log_set_level
FN:80,83,dlt_log_init
FN:86,114,dlt_log_init_multiple_logfiles_support
FNDA:4,dlt_log_init_single_logfile
FNDA:4,dlt_log_init_multiple_logfiles
FNDA:2852,dlt_user_printf
FNDA:5641,dlt_log
FNDA:31604,dlt_vlog
FNDA:4,dlt_vnlog
FNDA:12,dlt_log_multiple_files_write
FNDA:7,dlt_log_free
FNDA:2,dlt_log_free_single_logfile
FNDA:3,dlt_log_free_multiple_logfiles
FNDA:37,dlt_is_log_in_multiple_files_active
FNDA:9,dlt_log_set_filename
FNDA:11,dlt_log_set_level
FNDA:12,dlt_log_init
FNDA:18,dlt_log_init_multiple_logfiles_support
FNF:15
FNH:15
DA:55,9
DA:58,9
DA:59,1
DA:60,1
DA:64,8
DA:67,11
DA:69,11
DA:70,0
DA:71,0
DA:73,0
DA:76,11
DA:78,11
DA:80,12
DA:82,12
DA:86,18
DA:89,18
DA:90,0
DA:91,0
DA:94,18
DA:96,18
DA:101,7
DA:102,4
DA:103,4
DA:104,4
DA:105,1
DA:106,1
DA:109,3
DA:110,3
DA:116,4
DA:119,4
DA:120,4
DA:122,4
DA:123,0
DA:124,0
DA:129,4
DA:133,4
DA:135,4
DA:136,4
DA:139,4
DA:141,4
DA:143,4
DA:145,3
DA:146,3
DA:148,3
DA:158,3
DA:164,2852
DA:166,2852
DA:169,2852
DA:173,2852
DA:174,8
DA:179,8
DA:180,8
DA:181,2844
DA:182,2844
DA:183,2844
DA:186,2852
DA:188,2852
DA:191,5641
DA:200,5641
DA:203,5640
DA:206,5556
DA:209,5556
DA:211,5556
DA:212,138
DA:214,276
DA:215,138
DA:216,138
DA:218,138
DA:220,138
DA:221,138
DA:222,5381
DA:224,10762
DA:225,5381
DA:226,5381
DA:228,5381
DA:231,0
DA:234,0
DA:235,0
DA:237,0
DA:238,0
DA:240,0
DA:242,0
DA:244,0
DA:245,32
DA:248,32
DA:249,24
DA:250,12
DA:252,20
DA:253,40
DA:254,20
DA:255,20
DA:267,31604
DA:269,31604
DA:273,31604
DA:276,31604
DA:279,5502
DA:281,5502
DA:283,5502
DA:285,5502
DA:288,4
DA:294,4
DA:297,4
DA:300,4
DA:303,4
DA:305,4
DA:307,4
DA:309,4
DA:312,4
DA:315,12
DA:317,12
DA:319,12
DA:321,12
DA:322,12
DA:323,12
DA:325,7
DA:327,7
DA:328,5
DA:329,3
DA:331,2
DA:334,7
DA:336,2
DA:338,2
DA:339,2
DA:341,2
DA:343,3
DA:345,3
DA:348,3
DA:351,37
DA:353,37
LF:129
LH:114
end_of_record
TN:
SF:/home/runner/work/dlt-daemon/dlt-daemon/src/shared/dlt_multiple_files.c
FN:118,136,multiple_files_buffer_file_name
FN:138,150,multiple_files_buffer_get_idx_of_log_file
FN:152,228,multiple_files_buffer_create_new_file
FN:230,271,multiple_files_buffer_get_total_size
FN:273,356,multiple_files_buffer_delete_oldest_file
FN:358,387,multiple_files_buffer_check_size
FN:389,417,multiple_files_buffer_open_file_for_append
FN:419,449,multiple_files_buffer_init
FN:44,116,multiple_files_buffer_storage_dir_info
FN:451,465,multiple_files_buffer_rotate_file
FN:467,483,multiple_files_buffer_write_chunk
FN:485,495,multiple_files_buffer_write
FN:497,510,multiple_files_buffer_free
FNDA:9,multiple_files_buffer_file_name
FNDA:52,multiple_files_buffer_get_idx_of_log_file
FNDA:9,multiple_files_buffer_create_new_file
FNDA:21,multiple_files_buffer_get_total_size
FNDA:9,multiple_files_buffer_delete_oldest_file
FNDA:12,multiple_files_buffer_check_size
FNDA:3,multiple_files_buffer_open_file_for_append
FNDA:3,multiple_files_buffer_init
FNDA:12,multiple_files_buffer_storage_dir_info
FNDA:12,multiple_files_buffer_rotate_file
FNDA:12,multiple_files_buffer_write_chunk
FNDA:12,multiple_files_buffer_write
FNDA:3,multiple_files_buffer_free
FNF:13
FNH:13
DA:44,12
DA:49,12
DA:53,12
DA:54,0
DA:55,0
DA:58,12
DA:59,12
DA:61,421
DA:63,409
DA:65,409
DA:66,181
DA:67,35
DA:69,35
DA:72,23
DA:75,20
DA:81,35
DA:84,20
DA:87,20
DA:94,12
DA:95,12
DA:97,12
DA:102,12
DA:104,12
DA:111,421
DA:113,12
DA:115,12
DA:118,9
DA:124,9
DA:129,9
DA:132,9
DA:133,9
DA:134,0
DA:136,9
DA:138,52
DA:140,52
DA:142,52
DA:145,52
DA:147,52
DA:149,52
DA:152,9
DA:154,9
DA:155,0
DA:156,0
DA:166,9
DA:169,0
DA:170,0
DA:171,0
DA:173,0
DA:175,0
DA:176,0
DA:178,0
DA:180,0
DA:181,0
DA:182,0
DA:186,0
DA:188,0
DA:189,0
DA:190,0
DA:194,9
DA:195,9
DA:197,9
DA:198,9
DA:204,9
DA:206,9
DA:208,9
DA:210,9
DA:211,0
DA:212,0
DA:217,9
DA:218,9
DA:221,9
DA:223,0
DA:224,0
DA:230,21
DA:232,21
DA:233,0
DA:234,0
DA:243,21
DA:244,21
DA:245,0
DA:246,0
DA:249,756
DA:251,735
DA:257,78
DA:258,78
DA:259,78
DA:260,78
DA:262,0
DA:267,21
DA:270,21
DA:273,9
DA:275,9
DA:276,0
DA:277,0
DA:288,9
DA:289,9
DA:292,9
DA:294,9
DA:297,335
DA:298,326
DA:304,43
DA:306,0
DA:309,43
DA:310,0
DA:311,0
DA:312,0
DA:313,0
DA:314,0
DA:316,0
DA:319,0
DA:323,43
DA:324,43
DA:325,24
DA:335,24
DA:341,9
DA:344,9
DA:345,9
DA:346,0
DA:347,0
DA:350,0
DA:351,0
DA:355,9
DA:358,12
DA:360,12
DA:361,0
DA:362,0
DA:368,12
DA:369,12
DA:370,0
DA:371,0
DA:374,12
DA:375,0
DA:376,0
DA:381,21
DA:383,9
DA:386,12
DA:389,3
DA:390,3
DA:392,3
DA:393,3
DA:396,3
DA:397,3
DA:400,0
DA:407,3
DA:408,0
DA:409,0
DA:413,3
DA:414,3
DA:416,3
DA:419,3
DA:428,3
DA:429,0
DA:430,0
DA:434,3
DA:435,3
DA:436,3
DA:437,3
DA:438,3
DA:439,3
DA:440,3
DA:441,3
DA:442,3
DA:444,3
DA:446,3
DA:447,3
DA:448,3
DA:451,12
DA:454,12
DA:457,9
DA:458,9
DA:461,9
DA:464,9
DA:467,12
DA:471,12
DA:472,0
DA:473,0
DA:476,12
DA:477,12
DA:478,0
DA:479,0
DA:485,12
DA:489,12
DA:491,12
DA:494,12
DA:497,3
DA:499,3
DA:500,0
DA:501,0
DA:504,3
DA:507,3
DA:509,3
LF:191
LH:132
end_of_record
TN:
SF:/home/runner/work/dlt-daemon/dlt-daemon/src/shared/dlt_offline_trace.c
FN:69,88,dlt_offline_trace_write
FNDA:0,dlt_offline_trace_write
FNF:1
FNH:0
DA:69,0
DA:78,0
DA:80,0
DA:83,0
DA:84,0
DA:85,0
LF:6
LH:0
end_of_record
TN:
SF:/home/runner/work/dlt-daemon/dlt-daemon/src/shared/dlt_protocol.c
FN:71,82,dlt_get_service_name
FNDA:9,dlt_get_service_name
FNF:1
FNH:1
DA:71,9
DA:73,9
DA:75,9
DA:76,9
DA:78,9
DA:79,9
DA:81,0
LF:7
LH:6
end_of_record
TN:
SF:/home/runner/work/dlt-daemon/dlt-daemon/src/shared/dlt_user_shared.c
FN:113,122,dlt_user_check_userheader
FN:124,131,dlt_get_version_from_userheader
FN:133,153,dlt_user_log_out2
FN:155,174,dlt_user_log_out2_with_timeout
FN:176,226,dlt_user_log_out3
FN:228,247,dlt_user_log_out3_with_timeout
FN:79,94,dlt_user_set_userheader
FN:96,111,dlt_user_set_userheader_v2
FNDA:2756,dlt_user_check_userheader
FNDA:150,dlt_get_version_from_userheader
FNDA:459,dlt_user_log_out2
FNDA:18,dlt_user_log_out2_with_timeout
FNDA:6456,dlt_user_log_out3
FNDA:0,dlt_user_log_out3_with_timeout
FNDA:6777,dlt_user_set_userheader
FNDA:142,dlt_user_set_userheader_v2
FNF:8
FNH:7
DA:79,6777
DA:81,6777
DA:84,6777
DA:87,6777
DA:88,6777
DA:89,6777
DA:90,6777
DA:91,6777
DA:93,6777
DA:96,142
DA:98,142
DA:101,142
DA:104,142
DA:105,142
DA:106,142
DA:107,142
DA:108,142
DA:110,142
DA:113,2756
DA:115,2756
DA:118,5512
DA:119,2756
DA:120,5512
DA:121,2756
DA:124,150
DA:125,150
DA:128,150
DA:130,150
DA:133,459
DA:138,459
DA:142,400
DA:143,400
DA:144,400
DA:145,400
DA:147,400
DA:149,400
DA:155,18
DA:157,18
DA:162,18
DA:163,18
DA:165,18
DA:169,18
DA:170,18
DA:176,6456
DA:181,6456
DA:185,6375
DA:186,6375
DA:187,6375
DA:188,6375
DA:189,6375
DA:190,6375
DA:192,6375
DA:194,6375
DA:195,2580
DA:211,0
DA:213,0
DA:228,0
DA:230,0
DA:235,0
DA:236,0
DA:238,0
DA:242,0
DA:243,0
LF:63
LH:54
end_of_record
